430  [main] INFO  ru.greg3d.TestBase - >>> @Test SuiteSetup
14164 [main] INFO  ru.greg3d.browsers.TracingWebDriver - Init tracer for Build info: version: '2.51.0', revision: '1af067dbcaedd7d2ab9af5151fc471d363d97193', time: '2016-02-05 11:20:57', driver org.openqa.selenium.support.events.EventFiringWebDriver
14218 [main] DEBUG ru.greg3d.browsers.TracingWebDriver - get(http://192.168.1.84/php4dvd/)
15033 [main] DEBUG ru.greg3d.browsers.TracingWebDriver - get(...) = null
15034 [main] INFO  ru.greg3d.TestBase - <<< @Test [SuiteSetup] delay: 0 ms
15040 [main] INFO  ru.greg3d.TestBase - >>> @Test DoLogin
15041 [main] DEBUG ru.greg3d.browsers.TracingWebDriver - get(http://192.168.1.84/php4dvd/)
15071 [main] DEBUG Browser - [2016-02-26T17:42:09+0300] [SEVERE] http://192.168.1.84/php4dvd/ 0:0 Failed to load resource: net::ERR_INTERNET_DISCONNECTED
15360 [main] DEBUG ru.greg3d.browsers.TracingWebDriver - get(...) = null
15361 [main] DEBUG ru.greg3d.browsers.TracingWebDriver - findElement(By.name: username)
15380 [main] DEBUG Browser - [2016-02-26T17:42:09+0300] [SEVERE] http://192.168.1.84/php4dvd/ 0:0 Failed to load resource: net::ERR_INTERNET_DISCONNECTED
15523 [main] ERROR ru.greg3d.events.WebEventListener - Error occurred: org.openqa.selenium.NoSuchElementException: no such element: Unable to locate element: {"method":"name","selector":"username"}
  (Session info: chrome=48.0.2564.95)
  (Driver info: chromedriver=2.18.343845 (73dd713ba7fbfb73cbb514e62641d8c96a94682a),platform=Windows NT 6.1 SP1 x86_64) (WARNING: The server did not provide any stacktrace information)
Command duration or timeout: 136 milliseconds
For documentation on this error, please visit: http://seleniumhq.org/exceptions/no_such_element.html
Build info: version: '2.51.0', revision: '1af067dbcaedd7d2ab9af5151fc471d363d97193', time: '2016-02-05 11:20:57'
System info: host: 'WKS-CST-19', ip: '192.168.1.84', os.name: 'Windows 7', os.arch: 'amd64', os.version: '6.1', java.version: '1.8.0_60'
Driver info: org.openqa.selenium.remote.RemoteWebDriver
Capabilities [{applicationCacheEnabled=false, rotatable=false, mobileEmulationEnabled=false, chrome={}, takesHeapSnapshot=true, databaseEnabled=false, handlesAlerts=true, hasTouchScreen=true, version=48.0.2564.95, platform=ANDROID, browserConnectionEnabled=false, nativeEvents=true, acceptSslCerts=true, locationContextEnabled=true, webStorageEnabled=true, browserName=chrome, takesScreenshot=true, javascriptEnabled=true, cssSelectorsEnabled=true}]
Session ID: 6dfe8df77d6e5d5b3db4d76406912ec9
*** Element info: {Using=name, value=username}
15524 [main] DEBUG ru.greg3d.browsers.TracingWebDriver - findElement(...)
15525 [main] INFO  ru.greg3d.TestBase - <<< @Test [DoLogin] delay: 0 ms
15544 [main] INFO  ru.greg3d.TestBase - >>> @Test addNotAllNecessaryFieldsRecord
15545 [main] INFO  ru.greg3d.TestBase - <<< @Test [addNotAllNecessaryFieldsRecord] delay: 0 ms
15548 [main] INFO  ru.greg3d.TestBase - >>> @Test addNotAllNecessaryFieldsRecord
15548 [main] INFO  ru.greg3d.TestBase - <<< @Test [addNotAllNecessaryFieldsRecord] delay: 1 ms
15551 [main] INFO  ru.greg3d.TestBase - >>> @Test addValidRecord
15552 [main] INFO  ru.greg3d.TestBase - <<< @Test [addValidRecord] delay: 2 ms
15554 [main] INFO  ru.greg3d.TestBase - >>> @Test tearDown
15554 [main] DEBUG ru.greg3d.browsers.TracingWebDriver - quit()
16657 [main] DEBUG ru.greg3d.browsers.TracingWebDriver - quit(...) = null
16657 [main] INFO  ru.greg3d.TestBase - <<< @Test [tearDown] delay: 0 ms
448  [main] INFO  ru.greg3d.TestBase - >>> @Test SuiteSetup
10470 [main] INFO  ru.greg3d.browsers.TracingWebDriver - Init tracer for Build info: version: '2.51.0', revision: '1af067dbcaedd7d2ab9af5151fc471d363d97193', time: '2016-02-05 11:20:57', driver org.openqa.selenium.support.events.EventFiringWebDriver
10565 [main] DEBUG ru.greg3d.browsers.TracingWebDriver - get(http://192.168.1.84/php4dvd/)
12210 [main] DEBUG ru.greg3d.browsers.TracingWebDriver - get(...) = null
12211 [main] INFO  ru.greg3d.TestBase - <<< @Test [SuiteSetup] delay: 0 ms
12225 [main] INFO  ru.greg3d.TestBase - >>> @Test DoLogin
12225 [main] DEBUG ru.greg3d.browsers.TracingWebDriver - get(http://192.168.1.84/php4dvd/)
12942 [main] DEBUG ru.greg3d.browsers.TracingWebDriver - get(...) = null
12943 [main] DEBUG ru.greg3d.browsers.TracingWebDriver - findElement(By.name: username)
13145 [main] DEBUG ru.greg3d.browsers.TracingWebDriver - findElement(...) = [[RemoteWebDriver: chrome on ANDROID (c500be99dc3db673190a84ebb00f6beb)] -> name: username]
13150 [main] DEBUG ru.greg3d.browsers.TracingWebDriver - [[[RemoteWebDriver: chrome on ANDROID (c500be99dc3db673190a84ebb00f6beb)] -> name: username]].sendKeys([admin])
13324 [main] DEBUG ru.greg3d.events.WebEventListener - beforeChangeValueOf: '[[RemoteWebDriver: chrome on ANDROID (c500be99dc3db673190a84ebb00f6beb)] -> name: username]'
13780 [main] DEBUG ru.greg3d.events.WebEventListener - afterChangeValueOf: '[[RemoteWebDriver: chrome on ANDROID (c500be99dc3db673190a84ebb00f6beb)] -> name: username]'admin
13781 [main] DEBUG ru.greg3d.browsers.TracingWebDriver - [[[RemoteWebDriver: chrome on ANDROID (c500be99dc3db673190a84ebb00f6beb)] -> name: username]].sendKeys(...) = null
13781 [main] DEBUG ru.greg3d.browsers.TracingWebDriver - findElement(By.name: password)
13899 [main] DEBUG ru.greg3d.browsers.TracingWebDriver - findElement(...) = [[RemoteWebDriver: chrome on ANDROID (c500be99dc3db673190a84ebb00f6beb)] -> name: password]
13899 [main] DEBUG ru.greg3d.browsers.TracingWebDriver - [[[RemoteWebDriver: chrome on ANDROID (c500be99dc3db673190a84ebb00f6beb)] -> name: password]].sendKeys([admin])
14075 [main] DEBUG ru.greg3d.events.WebEventListener - beforeChangeValueOf: '[[RemoteWebDriver: chrome on ANDROID (c500be99dc3db673190a84ebb00f6beb)] -> name: password]'
14776 [main] DEBUG ru.greg3d.events.WebEventListener - afterChangeValueOf: '[[RemoteWebDriver: chrome on ANDROID (c500be99dc3db673190a84ebb00f6beb)] -> name: password]'admin
14776 [main] DEBUG ru.greg3d.browsers.TracingWebDriver - [[[RemoteWebDriver: chrome on ANDROID (c500be99dc3db673190a84ebb00f6beb)] -> name: password]].sendKeys(...) = null
14777 [main] DEBUG ru.greg3d.browsers.TracingWebDriver - findElement(By.name: submit)
14946 [main] DEBUG ru.greg3d.browsers.TracingWebDriver - findElement(...) = [[RemoteWebDriver: chrome on ANDROID (c500be99dc3db673190a84ebb00f6beb)] -> name: submit]
14946 [main] DEBUG ru.greg3d.browsers.TracingWebDriver - [[[RemoteWebDriver: chrome on ANDROID (c500be99dc3db673190a84ebb00f6beb)] -> name: submit]].click()
14976 [main] DEBUG ru.greg3d.events.WebEventListener - beforeClickOn '[[RemoteWebDriver: chrome on ANDROID (c500be99dc3db673190a84ebb00f6beb)] -> name: submit]'
15382 [main] DEBUG ru.greg3d.events.WebEventListener - afterClickOn '[[RemoteWebDriver: chrome on ANDROID (c500be99dc3db673190a84ebb00f6beb)] -> name: submit]'
15482 [main] DEBUG ru.greg3d.browsers.TracingWebDriver - [[[RemoteWebDriver: chrome on ANDROID (c500be99dc3db673190a84ebb00f6beb)] -> name: submit]].click(...) = null
15482 [main] DEBUG ru.greg3d.browsers.TracingWebDriver - findElements(By.cssSelector: nav)
15637 [main] DEBUG ru.greg3d.browsers.TracingWebDriver - findElements(...) = []
15640 [main] INFO  ru.greg3d.TestBase - <<< @Test [DoLogin] delay: 0 ms
15661 [main] INFO  ru.greg3d.TestBase - >>> @Test addNotAllNecessaryFieldsRecord
15661 [main] INFO  ru.greg3d.TestBase - <<< @Test [addNotAllNecessaryFieldsRecord] delay: 1 ms
15672 [main] INFO  ru.greg3d.TestBase - >>> @Test addNotAllNecessaryFieldsRecord
15672 [main] INFO  ru.greg3d.TestBase - <<< @Test [addNotAllNecessaryFieldsRecord] delay: 6 ms
15675 [main] INFO  ru.greg3d.TestBase - >>> @Test addValidRecord
15676 [main] INFO  ru.greg3d.TestBase - <<< @Test [addValidRecord] delay: 2 ms
15678 [main] INFO  ru.greg3d.TestBase - >>> @Test tearDown
15678 [main] DEBUG ru.greg3d.browsers.TracingWebDriver - quit()
16837 [main] DEBUG ru.greg3d.browsers.TracingWebDriver - quit(...) = null
16837 [main] INFO  ru.greg3d.TestBase - <<< @Test [tearDown] delay: 0 ms
375  [main] INFO  ru.greg3d.TestBase - >>> @Test SuiteSetup
8664 [main] INFO  ru.greg3d.browsers.TracingWebDriver - Init tracer for Build info: version: '2.51.0', revision: '1af067dbcaedd7d2ab9af5151fc471d363d97193', time: '2016-02-05 11:20:57', driver org.openqa.selenium.support.events.EventFiringWebDriver
8717 [main] DEBUG ru.greg3d.browsers.TracingWebDriver - get(http://192.168.1.84/php4dvd/)
10376 [main] DEBUG ru.greg3d.browsers.TracingWebDriver - get(...) = null
10376 [main] INFO  ru.greg3d.TestBase - <<< @Test [SuiteSetup] delay: 0 ms
10390 [main] INFO  ru.greg3d.TestBase - >>> @Test DoLogin
10402 [main] DEBUG ru.greg3d.browsers.TracingWebDriver - get(http://192.168.1.84/php4dvd/)
11130 [main] DEBUG ru.greg3d.browsers.TracingWebDriver - get(...) = null
11131 [main] DEBUG ru.greg3d.browsers.TracingWebDriver - findElement(By.name: username)
11325 [main] DEBUG ru.greg3d.browsers.TracingWebDriver - findElement(...) = [[RemoteWebDriver: chrome on ANDROID (e9d26fb67efe76c308f858b4c35a4b1e)] -> name: username]
11329 [main] DEBUG ru.greg3d.browsers.TracingWebDriver - [[[RemoteWebDriver: chrome on ANDROID (e9d26fb67efe76c308f858b4c35a4b1e)] -> name: username]].sendKeys([admin])
11531 [main] DEBUG ru.greg3d.events.WebEventListener - beforeChangeValueOf: '[[RemoteWebDriver: chrome on ANDROID (e9d26fb67efe76c308f858b4c35a4b1e)] -> name: username]'
12005 [main] DEBUG ru.greg3d.events.WebEventListener - afterChangeValueOf: '[[RemoteWebDriver: chrome on ANDROID (e9d26fb67efe76c308f858b4c35a4b1e)] -> name: username]'admin
12005 [main] DEBUG ru.greg3d.browsers.TracingWebDriver - [[[RemoteWebDriver: chrome on ANDROID (e9d26fb67efe76c308f858b4c35a4b1e)] -> name: username]].sendKeys(...) = null
12005 [main] DEBUG ru.greg3d.browsers.TracingWebDriver - findElement(By.name: password)
12147 [main] DEBUG ru.greg3d.browsers.TracingWebDriver - findElement(...) = [[RemoteWebDriver: chrome on ANDROID (e9d26fb67efe76c308f858b4c35a4b1e)] -> name: password]
12147 [main] DEBUG ru.greg3d.browsers.TracingWebDriver - [[[RemoteWebDriver: chrome on ANDROID (e9d26fb67efe76c308f858b4c35a4b1e)] -> name: password]].sendKeys([admin])
12699 [main] DEBUG ru.greg3d.events.WebEventListener - beforeChangeValueOf: '[[RemoteWebDriver: chrome on ANDROID (e9d26fb67efe76c308f858b4c35a4b1e)] -> name: password]'
13361 [main] DEBUG ru.greg3d.events.WebEventListener - afterChangeValueOf: '[[RemoteWebDriver: chrome on ANDROID (e9d26fb67efe76c308f858b4c35a4b1e)] -> name: password]'admin
13361 [main] DEBUG ru.greg3d.browsers.TracingWebDriver - [[[RemoteWebDriver: chrome on ANDROID (e9d26fb67efe76c308f858b4c35a4b1e)] -> name: password]].sendKeys(...) = null
13361 [main] DEBUG ru.greg3d.browsers.TracingWebDriver - findElement(By.name: submit)
13532 [main] DEBUG ru.greg3d.browsers.TracingWebDriver - findElement(...) = [[RemoteWebDriver: chrome on ANDROID (e9d26fb67efe76c308f858b4c35a4b1e)] -> name: submit]
13533 [main] DEBUG ru.greg3d.browsers.TracingWebDriver - [[[RemoteWebDriver: chrome on ANDROID (e9d26fb67efe76c308f858b4c35a4b1e)] -> name: submit]].click()
13583 [main] DEBUG ru.greg3d.events.WebEventListener - beforeClickOn '[[RemoteWebDriver: chrome on ANDROID (e9d26fb67efe76c308f858b4c35a4b1e)] -> name: submit]'
14080 [main] DEBUG ru.greg3d.events.WebEventListener - afterClickOn '[[RemoteWebDriver: chrome on ANDROID (e9d26fb67efe76c308f858b4c35a4b1e)] -> name: submit]'
14184 [main] DEBUG ru.greg3d.browsers.TracingWebDriver - [[[RemoteWebDriver: chrome on ANDROID (e9d26fb67efe76c308f858b4c35a4b1e)] -> name: submit]].click(...) = null
14185 [main] DEBUG ru.greg3d.browsers.TracingWebDriver - findElements(By.cssSelector: nav)
14324 [main] DEBUG ru.greg3d.browsers.TracingWebDriver - findElements(...) = []
14327 [main] INFO  ru.greg3d.TestBase - <<< @Test [DoLogin] delay: 0 ms
14343 [main] INFO  ru.greg3d.TestBase - >>> @Test addNotAllNecessaryFieldsRecord
14344 [main] INFO  ru.greg3d.TestBase - <<< @Test [addNotAllNecessaryFieldsRecord] delay: 1 ms
14346 [main] INFO  ru.greg3d.TestBase - >>> @Test addNotAllNecessaryFieldsRecord
14346 [main] INFO  ru.greg3d.TestBase - <<< @Test [addNotAllNecessaryFieldsRecord] delay: 0 ms
14352 [main] INFO  ru.greg3d.TestBase - >>> @Test addValidRecord
14352 [main] INFO  ru.greg3d.TestBase - <<< @Test [addValidRecord] delay: 1 ms
14354 [main] INFO  ru.greg3d.TestBase - >>> @Test tearDown
14354 [main] DEBUG ru.greg3d.browsers.TracingWebDriver - quit()
15553 [main] DEBUG ru.greg3d.browsers.TracingWebDriver - quit(...) = null
15553 [main] INFO  ru.greg3d.TestBase - <<< @Test [tearDown] delay: 0 ms
395  [main] INFO  ru.greg3d.TestBase - >>> @Test SuiteSetup
1095 [main] INFO  ru.greg3d.TestBase - <<< @Test [SuiteSetup] delay: 0 ms
1144 [main] INFO  ru.greg3d.TestBase - >>> @Test addNotAllNecessaryFieldsRecord
1145 [main] INFO  ru.greg3d.TestBase - <<< @Test [addNotAllNecessaryFieldsRecord] delay: 1 ms
1146 [main] INFO  ru.greg3d.TestBase - >>> @Test addNotAllNecessaryFieldsRecord
1146 [main] INFO  ru.greg3d.TestBase - <<< @Test [addNotAllNecessaryFieldsRecord] delay: 0 ms
1148 [main] INFO  ru.greg3d.TestBase - >>> @Test addValidRecord
1148 [main] INFO  ru.greg3d.TestBase - <<< @Test [addValidRecord] delay: 0 ms
1150 [main] INFO  ru.greg3d.TestBase - >>> @Test tearDown
1150 [main] INFO  ru.greg3d.TestBase - <<< @Test [tearDown] delay: 0 ms
444  [main] INFO  ru.greg3d.TestBase - >>> @Test SuiteSetup
506  [main] INFO  ru.greg3d.TestBase - >>> @Test SuiteSetup
1256 [main] INFO  ru.greg3d.TestBase - <<< @Test [SuiteSetup] delay: 0 ms
1295 [main] INFO  ru.greg3d.TestBase - >>> @Test addNotAllNecessaryFieldsRecord
1295 [main] INFO  ru.greg3d.TestBase - <<< @Test [addNotAllNecessaryFieldsRecord] delay: 2 ms
1300 [main] INFO  ru.greg3d.TestBase - >>> @Test addNotAllNecessaryFieldsRecord
1300 [main] INFO  ru.greg3d.TestBase - <<< @Test [addNotAllNecessaryFieldsRecord] delay: 0 ms
1306 [main] INFO  ru.greg3d.TestBase - >>> @Test addValidRecord
1306 [main] INFO  ru.greg3d.TestBase - <<< @Test [addValidRecord] delay: 1 ms
1307 [main] INFO  ru.greg3d.TestBase - >>> @Test tearDown
1308 [main] INFO  ru.greg3d.TestBase - <<< @Test [tearDown] delay: 0 ms
422  [main] INFO  ru.greg3d.TestBase - >>> @Test SuiteSetup
1285 [main] INFO  ru.greg3d.TestBase - <<< @Test [SuiteSetup] delay: 0 ms
1373 [main] INFO  ru.greg3d.TestBase - >>> @Test addNotAllNecessaryFieldsRecord
1374 [main] INFO  ru.greg3d.TestBase - <<< @Test [addNotAllNecessaryFieldsRecord] delay: 0 ms
1376 [main] INFO  ru.greg3d.TestBase - >>> @Test addNotAllNecessaryFieldsRecord
1376 [main] INFO  ru.greg3d.TestBase - <<< @Test [addNotAllNecessaryFieldsRecord] delay: 1 ms
1377 [main] INFO  ru.greg3d.TestBase - >>> @Test addValidRecord
1377 [main] INFO  ru.greg3d.TestBase - <<< @Test [addValidRecord] delay: 0 ms
1379 [main] INFO  ru.greg3d.TestBase - >>> @Test tearDown
1379 [main] INFO  ru.greg3d.TestBase - <<< @Test [tearDown] delay: 0 ms
400  [main] INFO  ru.greg3d.TestBase - >>> @Test SuiteSetup
1158 [main] INFO  ru.greg3d.TestBase - <<< @Test [SuiteSetup] delay: 0 ms
1190 [main] INFO  ru.greg3d.TestBase - >>> @Test addNotAllNecessaryFieldsRecord
1191 [main] INFO  ru.greg3d.TestBase - <<< @Test [addNotAllNecessaryFieldsRecord] delay: 2 ms
1192 [main] INFO  ru.greg3d.TestBase - >>> @Test addNotAllNecessaryFieldsRecord
1193 [main] INFO  ru.greg3d.TestBase - <<< @Test [addNotAllNecessaryFieldsRecord] delay: 1 ms
1200 [main] INFO  ru.greg3d.TestBase - >>> @Test addValidRecord
1201 [main] INFO  ru.greg3d.TestBase - <<< @Test [addValidRecord] delay: 1 ms
1204 [main] INFO  ru.greg3d.TestBase - >>> @Test tearDown
1204 [main] INFO  ru.greg3d.TestBase - <<< @Test [tearDown] delay: 0 ms
91614 [main] INFO  ru.greg3d.TestBase - <<< @Test [SuiteSetup] delay: 0 ms
91712 [main] INFO  ru.greg3d.TestBase - >>> @Test addNotAllNecessaryFieldsRecord
91713 [main] INFO  ru.greg3d.TestBase - <<< @Test [addNotAllNecessaryFieldsRecord] delay: 1 ms
91716 [main] INFO  ru.greg3d.TestBase - >>> @Test addNotAllNecessaryFieldsRecord
91717 [main] INFO  ru.greg3d.TestBase - <<< @Test [addNotAllNecessaryFieldsRecord] delay: 0 ms
91724 [main] INFO  ru.greg3d.TestBase - >>> @Test addValidRecord
91724 [main] INFO  ru.greg3d.TestBase - <<< @Test [addValidRecord] delay: 2 ms
91727 [main] INFO  ru.greg3d.TestBase - >>> @Test tearDown
91728 [main] INFO  ru.greg3d.TestBase - <<< @Test [tearDown] delay: 0 ms
438  [main] INFO  ru.greg3d.TestBase - >>> @Test SuiteSetup
10100 [main] INFO  ru.greg3d.browsers.TracingWebDriver - Init tracer for Build info: version: '2.51.0', revision: '1af067dbcaedd7d2ab9af5151fc471d363d97193', time: '2016-02-05 11:20:57', driver org.openqa.selenium.support.events.EventFiringWebDriver
10156 [main] DEBUG ru.greg3d.browsers.TracingWebDriver - get(http://192.168.1.84/php4dvd/)
10969 [main] DEBUG ru.greg3d.browsers.TracingWebDriver - get(...) = null
10969 [main] INFO  ru.greg3d.TestBase - <<< @Test [SuiteSetup] delay: 0 ms
10982 [main] INFO  ru.greg3d.TestBase - >>> @Test DoLogin
10990 [main] DEBUG ru.greg3d.browsers.TracingWebDriver - get(http://192.168.1.84/php4dvd/)
11006 [main] DEBUG Browser - [2016-02-26T17:49:04+0300] [SEVERE] http://192.168.1.84/php4dvd/ 0:0 Failed to load resource: net::ERR_INTERNET_DISCONNECTED
11319 [main] DEBUG ru.greg3d.browsers.TracingWebDriver - get(...) = null
11321 [main] DEBUG ru.greg3d.browsers.TracingWebDriver - findElement(By.name: username)
11343 [main] DEBUG Browser - [2016-02-26T17:49:04+0300] [SEVERE] http://192.168.1.84/php4dvd/ 0:0 Failed to load resource: net::ERR_INTERNET_DISCONNECTED
11526 [main] ERROR ru.greg3d.events.WebEventListener - Error occurred: org.openqa.selenium.NoSuchElementException: no such element: Unable to locate element: {"method":"name","selector":"username"}
  (Session info: chrome=48.0.2564.95)
  (Driver info: chromedriver=2.18.343845 (73dd713ba7fbfb73cbb514e62641d8c96a94682a),platform=Windows NT 6.1 SP1 x86_64) (WARNING: The server did not provide any stacktrace information)
Command duration or timeout: 166 milliseconds
For documentation on this error, please visit: http://seleniumhq.org/exceptions/no_such_element.html
Build info: version: '2.51.0', revision: '1af067dbcaedd7d2ab9af5151fc471d363d97193', time: '2016-02-05 11:20:57'
System info: host: 'WKS-CST-19', ip: '192.168.1.84', os.name: 'Windows 7', os.arch: 'amd64', os.version: '6.1', java.version: '1.8.0_60'
Driver info: org.openqa.selenium.remote.RemoteWebDriver
Capabilities [{applicationCacheEnabled=false, rotatable=false, mobileEmulationEnabled=false, chrome={}, takesHeapSnapshot=true, databaseEnabled=false, handlesAlerts=true, hasTouchScreen=true, version=48.0.2564.95, platform=ANDROID, browserConnectionEnabled=false, nativeEvents=true, acceptSslCerts=true, locationContextEnabled=true, webStorageEnabled=true, browserName=chrome, takesScreenshot=true, javascriptEnabled=true, cssSelectorsEnabled=true}]
Session ID: 592916948fd9f07299a7c9465c7913e9
*** Element info: {Using=name, value=username}
11528 [main] DEBUG ru.greg3d.browsers.TracingWebDriver - findElement(...)
11528 [main] INFO  ru.greg3d.TestBase - <<< @Test [DoLogin] delay: 0 ms
11549 [main] INFO  ru.greg3d.TestBase - >>> @Test addNotAllNecessaryFieldsRecord
11550 [main] INFO  ru.greg3d.TestBase - <<< @Test [addNotAllNecessaryFieldsRecord] delay: 1 ms
11554 [main] INFO  ru.greg3d.TestBase - >>> @Test addNotAllNecessaryFieldsRecord
11554 [main] INFO  ru.greg3d.TestBase - <<< @Test [addNotAllNecessaryFieldsRecord] delay: 1 ms
11566 [main] INFO  ru.greg3d.TestBase - >>> @Test addValidRecord
11566 [main] INFO  ru.greg3d.TestBase - <<< @Test [addValidRecord] delay: 2 ms
11568 [main] INFO  ru.greg3d.TestBase - >>> @Test tearDown
11569 [main] DEBUG ru.greg3d.browsers.TracingWebDriver - quit()
12738 [main] DEBUG ru.greg3d.browsers.TracingWebDriver - quit(...) = null
12738 [main] INFO  ru.greg3d.TestBase - <<< @Test [tearDown] delay: 0 ms
534  [main] INFO  ru.greg3d.TestBase - >>> @Test SuiteSetup
10332 [main] INFO  ru.greg3d.browsers.TracingWebDriver - Init tracer for Build info: version: '2.51.0', revision: '1af067dbcaedd7d2ab9af5151fc471d363d97193', time: '2016-02-05 11:20:57', driver org.openqa.selenium.support.events.EventFiringWebDriver
10398 [main] DEBUG ru.greg3d.browsers.TracingWebDriver - get(http://192.168.1.84/php4dvd/)
12061 [main] DEBUG ru.greg3d.browsers.TracingWebDriver - get(...) = null
12062 [main] INFO  ru.greg3d.TestBase - <<< @Test [SuiteSetup] delay: 0 ms
12071 [main] INFO  ru.greg3d.TestBase - >>> @Test DoLogin
12071 [main] DEBUG ru.greg3d.browsers.TracingWebDriver - get(http://192.168.1.84/php4dvd/)
12659 [main] DEBUG ru.greg3d.browsers.TracingWebDriver - get(...) = null
12661 [main] DEBUG ru.greg3d.browsers.TracingWebDriver - findElement(By.name: username)
12881 [main] DEBUG ru.greg3d.browsers.TracingWebDriver - findElement(...) = [[RemoteWebDriver: chrome on ANDROID (bbb12736771bb52453169d62e9de29c2)] -> name: username]
12887 [main] DEBUG ru.greg3d.browsers.TracingWebDriver - [[[RemoteWebDriver: chrome on ANDROID (bbb12736771bb52453169d62e9de29c2)] -> name: username]].sendKeys([admin])
13087 [main] DEBUG ru.greg3d.events.WebEventListener - beforeChangeValueOf: '[[RemoteWebDriver: chrome on ANDROID (bbb12736771bb52453169d62e9de29c2)] -> name: username]'
13945 [main] DEBUG ru.greg3d.events.WebEventListener - afterChangeValueOf: '[[RemoteWebDriver: chrome on ANDROID (bbb12736771bb52453169d62e9de29c2)] -> name: username]'admin
13945 [main] DEBUG ru.greg3d.browsers.TracingWebDriver - [[[RemoteWebDriver: chrome on ANDROID (bbb12736771bb52453169d62e9de29c2)] -> name: username]].sendKeys(...) = null
13946 [main] DEBUG ru.greg3d.browsers.TracingWebDriver - findElement(By.name: password)
14097 [main] DEBUG ru.greg3d.browsers.TracingWebDriver - findElement(...) = [[RemoteWebDriver: chrome on ANDROID (bbb12736771bb52453169d62e9de29c2)] -> name: password]
14098 [main] DEBUG ru.greg3d.browsers.TracingWebDriver - [[[RemoteWebDriver: chrome on ANDROID (bbb12736771bb52453169d62e9de29c2)] -> name: password]].sendKeys([admin])
14298 [main] DEBUG ru.greg3d.events.WebEventListener - beforeChangeValueOf: '[[RemoteWebDriver: chrome on ANDROID (bbb12736771bb52453169d62e9de29c2)] -> name: password]'
15015 [main] DEBUG ru.greg3d.events.WebEventListener - afterChangeValueOf: '[[RemoteWebDriver: chrome on ANDROID (bbb12736771bb52453169d62e9de29c2)] -> name: password]'admin
15016 [main] DEBUG ru.greg3d.browsers.TracingWebDriver - [[[RemoteWebDriver: chrome on ANDROID (bbb12736771bb52453169d62e9de29c2)] -> name: password]].sendKeys(...) = null
15016 [main] DEBUG ru.greg3d.browsers.TracingWebDriver - findElement(By.name: submit)
15189 [main] DEBUG ru.greg3d.browsers.TracingWebDriver - findElement(...) = [[RemoteWebDriver: chrome on ANDROID (bbb12736771bb52453169d62e9de29c2)] -> name: submit]
15189 [main] DEBUG ru.greg3d.browsers.TracingWebDriver - [[[RemoteWebDriver: chrome on ANDROID (bbb12736771bb52453169d62e9de29c2)] -> name: submit]].click()
15233 [main] DEBUG ru.greg3d.events.WebEventListener - beforeClickOn '[[RemoteWebDriver: chrome on ANDROID (bbb12736771bb52453169d62e9de29c2)] -> name: submit]'
15698 [main] DEBUG ru.greg3d.events.WebEventListener - afterClickOn '[[RemoteWebDriver: chrome on ANDROID (bbb12736771bb52453169d62e9de29c2)] -> name: submit]'
15862 [main] DEBUG ru.greg3d.browsers.TracingWebDriver - [[[RemoteWebDriver: chrome on ANDROID (bbb12736771bb52453169d62e9de29c2)] -> name: submit]].click(...) = null
15862 [main] DEBUG ru.greg3d.browsers.TracingWebDriver - findElements(By.cssSelector: nav)
16004 [main] DEBUG ru.greg3d.browsers.TracingWebDriver - findElements(...) = []
16013 [main] INFO  ru.greg3d.TestBase - <<< @Test [DoLogin] delay: 0 ms
16056 [main] INFO  ru.greg3d.TestBase - >>> @Test addNotAllNecessaryFieldsRecord
16057 [main] INFO  ru.greg3d.TestBase - <<< @Test [addNotAllNecessaryFieldsRecord] delay: 6 ms
16061 [main] INFO  ru.greg3d.TestBase - >>> @Test addNotAllNecessaryFieldsRecord
16061 [main] INFO  ru.greg3d.TestBase - <<< @Test [addNotAllNecessaryFieldsRecord] delay: 1 ms
16076 [main] INFO  ru.greg3d.TestBase - >>> @Test addValidRecord
16076 [main] INFO  ru.greg3d.TestBase - <<< @Test [addValidRecord] delay: 1 ms
16078 [main] INFO  ru.greg3d.TestBase - >>> @Test tearDown
16078 [main] DEBUG ru.greg3d.browsers.TracingWebDriver - quit()
17232 [main] DEBUG ru.greg3d.browsers.TracingWebDriver - quit(...) = null
17232 [main] INFO  ru.greg3d.TestBase - <<< @Test [tearDown] delay: 0 ms
371  [main] INFO  ru.greg3d.TestBase - >>> @Test SuiteSetup
9788 [main] INFO  ru.greg3d.browsers.TracingWebDriver - Init tracer for Build info: version: '2.51.0', revision: '1af067dbcaedd7d2ab9af5151fc471d363d97193', time: '2016-02-05 11:20:57', driver org.openqa.selenium.support.events.EventFiringWebDriver
9886 [main] DEBUG ru.greg3d.browsers.TracingWebDriver - get(http://192.168.1.84/php4dvd/)
10849 [main] DEBUG ru.greg3d.browsers.TracingWebDriver - get(...) = null
10850 [main] INFO  ru.greg3d.TestBase - <<< @Test [SuiteSetup] delay: 0 ms
10857 [main] INFO  ru.greg3d.TestBase - >>> @Test DoLogin
10857 [main] DEBUG ru.greg3d.browsers.TracingWebDriver - get(http://192.168.1.84/php4dvd/)
10878 [main] DEBUG Browser - [2016-02-26T17:52:28+0300] [SEVERE] http://192.168.1.84/php4dvd/ 0:0 Failed to load resource: net::ERR_INTERNET_DISCONNECTED
11226 [main] DEBUG ru.greg3d.browsers.TracingWebDriver - get(...) = null
11227 [main] DEBUG ru.greg3d.browsers.TracingWebDriver - findElement(By.name: username)
11239 [main] DEBUG Browser - [2016-02-26T17:52:28+0300] [SEVERE] http://192.168.1.84/php4dvd/ 0:0 Failed to load resource: net::ERR_INTERNET_DISCONNECTED
11412 [main] ERROR ru.greg3d.events.WebEventListener - Error occurred: org.openqa.selenium.NoSuchElementException: no such element: Unable to locate element: {"method":"name","selector":"username"}
  (Session info: chrome=48.0.2564.95)
  (Driver info: chromedriver=2.18.343845 (73dd713ba7fbfb73cbb514e62641d8c96a94682a),platform=Windows NT 6.1 SP1 x86_64) (WARNING: The server did not provide any stacktrace information)
Command duration or timeout: 161 milliseconds
For documentation on this error, please visit: http://seleniumhq.org/exceptions/no_such_element.html
Build info: version: '2.51.0', revision: '1af067dbcaedd7d2ab9af5151fc471d363d97193', time: '2016-02-05 11:20:57'
System info: host: 'WKS-CST-19', ip: '192.168.1.84', os.name: 'Windows 7', os.arch: 'amd64', os.version: '6.1', java.version: '1.8.0_60'
Driver info: org.openqa.selenium.remote.RemoteWebDriver
Capabilities [{applicationCacheEnabled=false, rotatable=false, mobileEmulationEnabled=false, chrome={}, takesHeapSnapshot=true, databaseEnabled=false, handlesAlerts=true, hasTouchScreen=true, version=48.0.2564.95, platform=ANDROID, browserConnectionEnabled=false, nativeEvents=true, acceptSslCerts=true, locationContextEnabled=true, webStorageEnabled=true, browserName=chrome, takesScreenshot=true, javascriptEnabled=true, cssSelectorsEnabled=true}]
Session ID: f0a837b47909ac401e07eced99a26409
*** Element info: {Using=name, value=username}
11420 [main] DEBUG ru.greg3d.browsers.TracingWebDriver - findElement(...)
11420 [main] INFO  ru.greg3d.TestBase - <<< @Test [DoLogin] delay: 0 ms
11447 [main] INFO  ru.greg3d.TestBase - >>> @Test addNotAllNecessaryFieldsRecord
11448 [main] INFO  ru.greg3d.TestBase - <<< @Test [addNotAllNecessaryFieldsRecord] delay: 2 ms
11455 [main] INFO  ru.greg3d.TestBase - >>> @Test addNotAllNecessaryFieldsRecord
11456 [main] INFO  ru.greg3d.TestBase - <<< @Test [addNotAllNecessaryFieldsRecord] delay: 1 ms
11459 [main] INFO  ru.greg3d.TestBase - >>> @Test addValidRecord
11459 [main] INFO  ru.greg3d.TestBase - <<< @Test [addValidRecord] delay: 1 ms
11461 [main] INFO  ru.greg3d.TestBase - >>> @Test tearDown
11461 [main] DEBUG ru.greg3d.browsers.TracingWebDriver - quit()
12652 [main] DEBUG ru.greg3d.browsers.TracingWebDriver - quit(...) = null
12652 [main] INFO  ru.greg3d.TestBase - <<< @Test [tearDown] delay: 0 ms
405  [main] INFO  ru.greg3d.TestBase - >>> @Test SuiteSetup
9471 [main] INFO  ru.greg3d.browsers.TracingWebDriver - Init tracer for Build info: version: '2.51.0', revision: '1af067dbcaedd7d2ab9af5151fc471d363d97193', time: '2016-02-05 11:20:57', driver org.openqa.selenium.support.events.EventFiringWebDriver
9528 [main] DEBUG ru.greg3d.browsers.TracingWebDriver - get(http://192.168.1.84/php4dvd/)
11419 [main] DEBUG ru.greg3d.browsers.TracingWebDriver - get(...) = null
11420 [main] INFO  ru.greg3d.TestBase - <<< @Test [SuiteSetup] delay: 0 ms
11430 [main] INFO  ru.greg3d.TestBase - >>> @Test DoLogin
11431 [main] DEBUG ru.greg3d.browsers.TracingWebDriver - get(http://192.168.1.84/php4dvd/)
12180 [main] DEBUG ru.greg3d.browsers.TracingWebDriver - get(...) = null
12182 [main] DEBUG ru.greg3d.browsers.TracingWebDriver - findElement(By.name: username)
12341 [main] DEBUG ru.greg3d.browsers.TracingWebDriver - findElement(...) = [[RemoteWebDriver: chrome on ANDROID (5d7ce2b7a826b27ecad68bb6bb7f149a)] -> name: username]
12346 [main] DEBUG ru.greg3d.browsers.TracingWebDriver - [[[RemoteWebDriver: chrome on ANDROID (5d7ce2b7a826b27ecad68bb6bb7f149a)] -> name: username]].sendKeys([admin])
13194 [main] DEBUG ru.greg3d.events.WebEventListener - beforeChangeValueOf: '[[RemoteWebDriver: chrome on ANDROID (5d7ce2b7a826b27ecad68bb6bb7f149a)] -> name: username]'
13594 [main] DEBUG ru.greg3d.events.WebEventListener - afterChangeValueOf: '[[RemoteWebDriver: chrome on ANDROID (5d7ce2b7a826b27ecad68bb6bb7f149a)] -> name: username]'admin
13595 [main] DEBUG ru.greg3d.browsers.TracingWebDriver - [[[RemoteWebDriver: chrome on ANDROID (5d7ce2b7a826b27ecad68bb6bb7f149a)] -> name: username]].sendKeys(...) = null
13596 [main] DEBUG ru.greg3d.browsers.TracingWebDriver - findElement(By.name: password)
13741 [main] DEBUG ru.greg3d.browsers.TracingWebDriver - findElement(...) = [[RemoteWebDriver: chrome on ANDROID (5d7ce2b7a826b27ecad68bb6bb7f149a)] -> name: password]
13741 [main] DEBUG ru.greg3d.browsers.TracingWebDriver - [[[RemoteWebDriver: chrome on ANDROID (5d7ce2b7a826b27ecad68bb6bb7f149a)] -> name: password]].sendKeys([admin])
13883 [main] DEBUG ru.greg3d.events.WebEventListener - beforeChangeValueOf: '[[RemoteWebDriver: chrome on ANDROID (5d7ce2b7a826b27ecad68bb6bb7f149a)] -> name: password]'
14626 [main] DEBUG ru.greg3d.events.WebEventListener - afterChangeValueOf: '[[RemoteWebDriver: chrome on ANDROID (5d7ce2b7a826b27ecad68bb6bb7f149a)] -> name: password]'admin
14627 [main] DEBUG ru.greg3d.browsers.TracingWebDriver - [[[RemoteWebDriver: chrome on ANDROID (5d7ce2b7a826b27ecad68bb6bb7f149a)] -> name: password]].sendKeys(...) = null
14627 [main] DEBUG ru.greg3d.browsers.TracingWebDriver - findElement(By.name: submit)
14795 [main] DEBUG ru.greg3d.browsers.TracingWebDriver - findElement(...) = [[RemoteWebDriver: chrome on ANDROID (5d7ce2b7a826b27ecad68bb6bb7f149a)] -> name: submit]
14796 [main] DEBUG ru.greg3d.browsers.TracingWebDriver - [[[RemoteWebDriver: chrome on ANDROID (5d7ce2b7a826b27ecad68bb6bb7f149a)] -> name: submit]].click()
14829 [main] DEBUG ru.greg3d.events.WebEventListener - beforeClickOn '[[RemoteWebDriver: chrome on ANDROID (5d7ce2b7a826b27ecad68bb6bb7f149a)] -> name: submit]'
15246 [main] DEBUG ru.greg3d.events.WebEventListener - afterClickOn '[[RemoteWebDriver: chrome on ANDROID (5d7ce2b7a826b27ecad68bb6bb7f149a)] -> name: submit]'
15337 [main] DEBUG ru.greg3d.browsers.TracingWebDriver - [[[RemoteWebDriver: chrome on ANDROID (5d7ce2b7a826b27ecad68bb6bb7f149a)] -> name: submit]].click(...) = null
15337 [main] DEBUG ru.greg3d.browsers.TracingWebDriver - findElements(By.cssSelector: nav)
15430 [main] DEBUG ru.greg3d.browsers.TracingWebDriver - findElements(...) = []
15433 [main] INFO  ru.greg3d.TestBase - <<< @Test [DoLogin] delay: 0 ms
15458 [main] INFO  ru.greg3d.TestBase - >>> @Test addNotAllNecessaryFieldsRecord
15459 [main] INFO  ru.greg3d.TestBase - <<< @Test [addNotAllNecessaryFieldsRecord] delay: 1 ms
15463 [main] INFO  ru.greg3d.TestBase - >>> @Test addNotAllNecessaryFieldsRecord
15463 [main] INFO  ru.greg3d.TestBase - <<< @Test [addNotAllNecessaryFieldsRecord] delay: 1 ms
15470 [main] INFO  ru.greg3d.TestBase - >>> @Test addValidRecord
15471 [main] INFO  ru.greg3d.TestBase - <<< @Test [addValidRecord] delay: 2 ms
15473 [main] INFO  ru.greg3d.TestBase - >>> @Test tearDown
15474 [main] DEBUG ru.greg3d.browsers.TracingWebDriver - quit()
16623 [main] DEBUG ru.greg3d.browsers.TracingWebDriver - quit(...) = null
16623 [main] INFO  ru.greg3d.TestBase - <<< @Test [tearDown] delay: 0 ms
516  [main] INFO  ru.greg3d.TestBase - >>> @Test SuiteSetup
11949 [main] INFO  ru.greg3d.browsers.TracingWebDriver - Init tracer for Build info: version: '2.51.0', revision: '1af067dbcaedd7d2ab9af5151fc471d363d97193', time: '2016-02-05 11:20:57', driver org.openqa.selenium.remote.RemoteWebDriver
12087 [main] DEBUG ru.greg3d.browsers.TracingWebDriver - get(http://192.168.1.84/php4dvd/)
15840 [main] DEBUG ru.greg3d.browsers.TracingWebDriver - get(...) = null
15840 [main] INFO  ru.greg3d.TestBase - <<< @Test [SuiteSetup] delay: 0 ms
15845 [main] INFO  ru.greg3d.TestBase - >>> @Test DoLogin
15845 [main] DEBUG ru.greg3d.browsers.TracingWebDriver - get(http://192.168.1.84/php4dvd/)
16631 [main] DEBUG ru.greg3d.browsers.TracingWebDriver - get(...) = null
16632 [main] DEBUG ru.greg3d.browsers.TracingWebDriver - findElement(By.name: username)
16788 [main] DEBUG ru.greg3d.browsers.TracingWebDriver - findElement(...) = [[RemoteWebDriver: chrome on ANDROID (8aa4728ca9b35c7beb128e47ebe687a0)] -> name: username]
16806 [main] DEBUG ru.greg3d.browsers.TracingWebDriver - [[[RemoteWebDriver: chrome on ANDROID (8aa4728ca9b35c7beb128e47ebe687a0)] -> name: username]].sendKeys([admin])
17091 [main] DEBUG ru.greg3d.browsers.TracingWebDriver - [[[RemoteWebDriver: chrome on ANDROID (8aa4728ca9b35c7beb128e47ebe687a0)] -> name: username]].sendKeys(...) = null
17092 [main] DEBUG ru.greg3d.browsers.TracingWebDriver - findElement(By.name: password)
17290 [main] DEBUG ru.greg3d.browsers.TracingWebDriver - findElement(...) = [[RemoteWebDriver: chrome on ANDROID (8aa4728ca9b35c7beb128e47ebe687a0)] -> name: password]
17290 [main] DEBUG ru.greg3d.browsers.TracingWebDriver - [[[RemoteWebDriver: chrome on ANDROID (8aa4728ca9b35c7beb128e47ebe687a0)] -> name: password]].sendKeys([admin])
17804 [main] DEBUG ru.greg3d.browsers.TracingWebDriver - [[[RemoteWebDriver: chrome on ANDROID (8aa4728ca9b35c7beb128e47ebe687a0)] -> name: password]].sendKeys(...) = null
17804 [main] DEBUG ru.greg3d.browsers.TracingWebDriver - findElement(By.name: submit)
18032 [main] DEBUG ru.greg3d.browsers.TracingWebDriver - findElement(...) = [[RemoteWebDriver: chrome on ANDROID (8aa4728ca9b35c7beb128e47ebe687a0)] -> name: submit]
18033 [main] DEBUG ru.greg3d.browsers.TracingWebDriver - [[[RemoteWebDriver: chrome on ANDROID (8aa4728ca9b35c7beb128e47ebe687a0)] -> name: submit]].click()
18250 [main] DEBUG ru.greg3d.browsers.TracingWebDriver - [[[RemoteWebDriver: chrome on ANDROID (8aa4728ca9b35c7beb128e47ebe687a0)] -> name: submit]].click(...) = null
18250 [main] DEBUG ru.greg3d.browsers.TracingWebDriver - findElements(By.cssSelector: nav)
18418 [main] DEBUG ru.greg3d.browsers.TracingWebDriver - findElements(...) = []
18423 [main] INFO  ru.greg3d.TestBase - <<< @Test [DoLogin] delay: 0 ms
18444 [main] INFO  ru.greg3d.TestBase - >>> @Test addNotAllNecessaryFieldsRecord
18445 [main] INFO  ru.greg3d.TestBase - <<< @Test [addNotAllNecessaryFieldsRecord] delay: 1 ms
18449 [main] INFO  ru.greg3d.TestBase - >>> @Test addNotAllNecessaryFieldsRecord
18450 [main] INFO  ru.greg3d.TestBase - <<< @Test [addNotAllNecessaryFieldsRecord] delay: 0 ms
18454 [main] INFO  ru.greg3d.TestBase - >>> @Test addValidRecord
18454 [main] INFO  ru.greg3d.TestBase - <<< @Test [addValidRecord] delay: 1 ms
18458 [main] INFO  ru.greg3d.TestBase - >>> @Test tearDown
18458 [main] DEBUG ru.greg3d.browsers.TracingWebDriver - quit()
19541 [main] DEBUG ru.greg3d.browsers.TracingWebDriver - quit(...) = null
19542 [main] INFO  ru.greg3d.TestBase - <<< @Test [tearDown] delay: 0 ms
458  [main] INFO  ru.greg3d.TestBase - >>> @Test SuiteSetup
12703 [main] INFO  ru.greg3d.browsers.TracingWebDriver - Init tracer for Build info: version: '2.51.0', revision: '1af067dbcaedd7d2ab9af5151fc471d363d97193', time: '2016-02-05 11:20:57', driver org.openqa.selenium.remote.RemoteWebDriver
12785 [main] DEBUG ru.greg3d.browsers.TracingWebDriver - get(http://192.168.1.84/php4dvd/)
14485 [main] DEBUG ru.greg3d.browsers.TracingWebDriver - get(...) = null
14485 [main] INFO  ru.greg3d.TestBase - <<< @Test [SuiteSetup] delay: 0 ms
14492 [main] INFO  ru.greg3d.TestBase - >>> @Test DoLogin
14492 [main] DEBUG ru.greg3d.browsers.TracingWebDriver - get(http://192.168.1.84/php4dvd/)
15174 [main] DEBUG ru.greg3d.browsers.TracingWebDriver - get(...) = null
15176 [main] DEBUG ru.greg3d.browsers.TracingWebDriver - findElement(By.name: username)
15359 [main] DEBUG ru.greg3d.browsers.TracingWebDriver - findElement(...) = [[RemoteWebDriver: chrome on ANDROID (45142d5877f2411605c7c2154b527b81)] -> name: username]
15365 [main] DEBUG ru.greg3d.browsers.TracingWebDriver - [[[RemoteWebDriver: chrome on ANDROID (45142d5877f2411605c7c2154b527b81)] -> name: username]].sendKeys([admin])
15809 [main] DEBUG ru.greg3d.browsers.TracingWebDriver - [[[RemoteWebDriver: chrome on ANDROID (45142d5877f2411605c7c2154b527b81)] -> name: username]].sendKeys(...) = null
15809 [main] DEBUG ru.greg3d.browsers.TracingWebDriver - findElement(By.name: password)
15968 [main] DEBUG ru.greg3d.browsers.TracingWebDriver - findElement(...) = [[RemoteWebDriver: chrome on ANDROID (45142d5877f2411605c7c2154b527b81)] -> name: password]
15968 [main] DEBUG ru.greg3d.browsers.TracingWebDriver - [[[RemoteWebDriver: chrome on ANDROID (45142d5877f2411605c7c2154b527b81)] -> name: password]].sendKeys([admin])
16672 [main] DEBUG ru.greg3d.browsers.TracingWebDriver - [[[RemoteWebDriver: chrome on ANDROID (45142d5877f2411605c7c2154b527b81)] -> name: password]].sendKeys(...) = null
16673 [main] DEBUG ru.greg3d.browsers.TracingWebDriver - findElement(By.name: submit)
16880 [main] DEBUG ru.greg3d.browsers.TracingWebDriver - findElement(...) = [[RemoteWebDriver: chrome on ANDROID (45142d5877f2411605c7c2154b527b81)] -> name: submit]
16880 [main] DEBUG ru.greg3d.browsers.TracingWebDriver - [[[RemoteWebDriver: chrome on ANDROID (45142d5877f2411605c7c2154b527b81)] -> name: submit]].click()
17124 [main] DEBUG ru.greg3d.browsers.TracingWebDriver - [[[RemoteWebDriver: chrome on ANDROID (45142d5877f2411605c7c2154b527b81)] -> name: submit]].click(...) = null
20124 [main] INFO  ru.greg3d.TestBase - <<< @Test [DoLogin] delay: 0 ms
20140 [main] INFO  ru.greg3d.TestBase - >>> @Test doGotoHome
20141 [main] DEBUG ru.greg3d.browsers.TracingWebDriver - getCurrentUrl()
20213 [main] DEBUG ru.greg3d.browsers.TracingWebDriver - getCurrentUrl(...) = http://192.168.1.84/php4dvd/
20251 [main] DEBUG ru.greg3d.browsers.TracingWebDriver - findElement(By.xpath: //a[contains(text(),'Home')])
20384 [main] DEBUG ru.greg3d.browsers.TracingWebDriver - findElement(...)
20385 [main] INFO  ru.greg3d.TestBase - <<< @Test [doGotoHome] delay: 0 ms
20398 [main] INFO  ru.greg3d.TestBase - >>> @Test addNotAllNecessaryFieldsRecord
20399 [main] INFO  ru.greg3d.TestBase - <<< @Test [addNotAllNecessaryFieldsRecord] delay: 3 ms
20401 [main] INFO  ru.greg3d.TestBase - >>> @Test addNotAllNecessaryFieldsRecord
20401 [main] INFO  ru.greg3d.TestBase - <<< @Test [addNotAllNecessaryFieldsRecord] delay: 0 ms
20410 [main] INFO  ru.greg3d.TestBase - >>> @Test addValidRecord
20410 [main] INFO  ru.greg3d.TestBase - <<< @Test [addValidRecord] delay: 1 ms
20413 [main] INFO  ru.greg3d.TestBase - >>> @Test tearDown
20413 [main] DEBUG ru.greg3d.browsers.TracingWebDriver - quit()
21530 [main] DEBUG ru.greg3d.browsers.TracingWebDriver - quit(...) = null
21530 [main] INFO  ru.greg3d.TestBase - <<< @Test [tearDown] delay: 0 ms
464  [main] INFO  ru.greg3d.TestBase - >>> @Test SuiteSetup
11502 [main] INFO  ru.greg3d.browsers.TracingWebDriver - Init tracer for Build info: version: '2.51.0', revision: '1af067dbcaedd7d2ab9af5151fc471d363d97193', time: '2016-02-05 11:20:57', driver org.openqa.selenium.remote.RemoteWebDriver
11553 [main] DEBUG ru.greg3d.browsers.TracingWebDriver - get(http://192.168.1.84/php4dvd/)
12489 [main] DEBUG ru.greg3d.browsers.TracingWebDriver - get(...) = null
12489 [main] INFO  ru.greg3d.TestBase - <<< @Test [SuiteSetup] delay: 0 ms
12497 [main] INFO  ru.greg3d.TestBase - >>> @Test DoLogin
12497 [main] DEBUG ru.greg3d.browsers.TracingWebDriver - get(http://192.168.1.84/php4dvd/)
12516 [main] DEBUG Browser - [2016-02-26T18:03:07+0300] [SEVERE] http://192.168.1.84/php4dvd/ 0:0 Failed to load resource: net::ERR_INTERNET_DISCONNECTED
12819 [main] DEBUG ru.greg3d.browsers.TracingWebDriver - get(...) = null
12820 [main] DEBUG ru.greg3d.browsers.TracingWebDriver - findElement(By.id: username)
12829 [main] DEBUG Browser - [2016-02-26T18:03:07+0300] [SEVERE] http://192.168.1.84/php4dvd/ 0:0 Failed to load resource: net::ERR_INTERNET_DISCONNECTED
12976 [main] DEBUG ru.greg3d.browsers.TracingWebDriver - findElement(...)
12976 [main] INFO  ru.greg3d.TestBase - <<< @Test [DoLogin] delay: 0 ms
12996 [main] INFO  ru.greg3d.TestBase - >>> @Test addNotAllNecessaryFieldsRecord
12996 [main] INFO  ru.greg3d.TestBase - <<< @Test [addNotAllNecessaryFieldsRecord] delay: 1 ms
13000 [main] INFO  ru.greg3d.TestBase - >>> @Test addNotAllNecessaryFieldsRecord
13005 [main] INFO  ru.greg3d.TestBase - <<< @Test [addNotAllNecessaryFieldsRecord] delay: 2 ms
13009 [main] INFO  ru.greg3d.TestBase - >>> @Test addValidRecord
13010 [main] INFO  ru.greg3d.TestBase - <<< @Test [addValidRecord] delay: 1 ms
13012 [main] INFO  ru.greg3d.TestBase - >>> @Test tearDown
13012 [main] DEBUG ru.greg3d.browsers.TracingWebDriver - quit()
14153 [main] DEBUG ru.greg3d.browsers.TracingWebDriver - quit(...) = null
14153 [main] INFO  ru.greg3d.TestBase - <<< @Test [tearDown] delay: 0 ms
409  [main] INFO  ru.greg3d.TestBase - >>> @Test SuiteSetup
9427 [main] INFO  ru.greg3d.browsers.TracingWebDriver - Init tracer for Build info: version: '2.51.0', revision: '1af067dbcaedd7d2ab9af5151fc471d363d97193', time: '2016-02-05 11:20:57', driver org.openqa.selenium.remote.RemoteWebDriver
9480 [main] DEBUG ru.greg3d.browsers.TracingWebDriver - get(http://192.168.1.84/php4dvd/)
11392 [main] DEBUG ru.greg3d.browsers.TracingWebDriver - get(...) = null
11392 [main] INFO  ru.greg3d.TestBase - <<< @Test [SuiteSetup] delay: 0 ms
11397 [main] INFO  ru.greg3d.TestBase - >>> @Test DoLogin
11397 [main] DEBUG ru.greg3d.browsers.TracingWebDriver - get(http://192.168.1.84/php4dvd/)
12496 [main] DEBUG ru.greg3d.browsers.TracingWebDriver - get(...) = null
12497 [main] DEBUG ru.greg3d.browsers.TracingWebDriver - findElement(By.id: username)
12697 [main] DEBUG ru.greg3d.browsers.TracingWebDriver - findElement(...) = [[RemoteWebDriver: chrome on ANDROID (df765fd546a8996f99def5ea659b2044)] -> id: username]
12715 [main] DEBUG ru.greg3d.browsers.TracingWebDriver - [[[RemoteWebDriver: chrome on ANDROID (df765fd546a8996f99def5ea659b2044)] -> id: username]].sendKeys([admin])
13168 [main] DEBUG ru.greg3d.browsers.TracingWebDriver - [[[RemoteWebDriver: chrome on ANDROID (df765fd546a8996f99def5ea659b2044)] -> id: username]].sendKeys(...) = null
13168 [main] DEBUG ru.greg3d.browsers.TracingWebDriver - findElement(By.className: required)
13361 [main] DEBUG ru.greg3d.browsers.TracingWebDriver - findElement(...) = [[RemoteWebDriver: chrome on ANDROID (df765fd546a8996f99def5ea659b2044)] -> class name: required]
13361 [main] DEBUG ru.greg3d.browsers.TracingWebDriver - [[[RemoteWebDriver: chrome on ANDROID (df765fd546a8996f99def5ea659b2044)] -> class name: required]].sendKeys([admin])
13714 [main] DEBUG ru.greg3d.browsers.TracingWebDriver - [[[RemoteWebDriver: chrome on ANDROID (df765fd546a8996f99def5ea659b2044)] -> class name: required]].sendKeys(...) = null
13715 [main] DEBUG ru.greg3d.browsers.TracingWebDriver - findElement(By.name: submit)
13839 [main] DEBUG ru.greg3d.browsers.TracingWebDriver - findElement(...) = [[RemoteWebDriver: chrome on ANDROID (df765fd546a8996f99def5ea659b2044)] -> name: submit]
13839 [main] DEBUG ru.greg3d.browsers.TracingWebDriver - [[[RemoteWebDriver: chrome on ANDROID (df765fd546a8996f99def5ea659b2044)] -> name: submit]].click()
14067 [main] DEBUG ru.greg3d.browsers.TracingWebDriver - [[[RemoteWebDriver: chrome on ANDROID (df765fd546a8996f99def5ea659b2044)] -> name: submit]].click(...) = null
14067 [main] INFO  ru.greg3d.TestBase - <<< @Test [DoLogin] delay: 0 ms
14072 [main] INFO  ru.greg3d.TestBase - >>> @Test doGotoHome
14072 [main] DEBUG ru.greg3d.browsers.TracingWebDriver - getCurrentUrl()
14232 [main] DEBUG ru.greg3d.browsers.TracingWebDriver - getCurrentUrl(...) = http://192.168.1.84/php4dvd/
14233 [main] DEBUG ru.greg3d.browsers.TracingWebDriver - findElement(By.xpath: //a[contains(text(),'Home')])
14832 [main] DEBUG ru.greg3d.browsers.TracingWebDriver - findElement(...)
14832 [main] INFO  ru.greg3d.TestBase - <<< @Test [doGotoHome] delay: 0 ms
14843 [main] INFO  ru.greg3d.TestBase - >>> @Test addNotAllNecessaryFieldsRecord
14844 [main] INFO  ru.greg3d.TestBase - <<< @Test [addNotAllNecessaryFieldsRecord] delay: 1 ms
14847 [main] INFO  ru.greg3d.TestBase - >>> @Test addNotAllNecessaryFieldsRecord
14847 [main] INFO  ru.greg3d.TestBase - <<< @Test [addNotAllNecessaryFieldsRecord] delay: 2 ms
14850 [main] INFO  ru.greg3d.TestBase - >>> @Test addValidRecord
14850 [main] INFO  ru.greg3d.TestBase - <<< @Test [addValidRecord] delay: 1 ms
14852 [main] INFO  ru.greg3d.TestBase - >>> @Test tearDown
14853 [main] DEBUG ru.greg3d.browsers.TracingWebDriver - quit()
16058 [main] DEBUG ru.greg3d.browsers.TracingWebDriver - quit(...) = null
16058 [main] INFO  ru.greg3d.TestBase - <<< @Test [tearDown] delay: 0 ms
389  [main] INFO  ru.greg3d.TestBase - >>> @Test SuiteSetup
11521 [main] INFO  ru.greg3d.browsers.TracingWebDriver - Init tracer for Build info: version: '2.51.0', revision: '1af067dbcaedd7d2ab9af5151fc471d363d97193', time: '2016-02-05 11:20:57', driver org.openqa.selenium.remote.RemoteWebDriver
11613 [main] DEBUG ru.greg3d.browsers.TracingWebDriver - get(http://192.168.1.84/php4dvd/)
13172 [main] DEBUG ru.greg3d.browsers.TracingWebDriver - get(...) = null
13173 [main] INFO  ru.greg3d.TestBase - <<< @Test [SuiteSetup] delay: 0 ms
13190 [main] INFO  ru.greg3d.TestBase - >>> @Test DoLogin
13191 [main] DEBUG ru.greg3d.browsers.TracingWebDriver - get(http://192.168.1.84/php4dvd/)
13839 [main] DEBUG ru.greg3d.browsers.TracingWebDriver - get(...) = null
13840 [main] DEBUG ru.greg3d.browsers.TracingWebDriver - findElement(By.id: username)
14057 [main] DEBUG ru.greg3d.browsers.TracingWebDriver - findElement(...) = [[RemoteWebDriver: chrome on ANDROID (93de71cfdb46b63812385dd55b7150d5)] -> id: username]
14087 [main] DEBUG ru.greg3d.browsers.TracingWebDriver - [[[RemoteWebDriver: chrome on ANDROID (93de71cfdb46b63812385dd55b7150d5)] -> id: username]].sendKeys([admin])
14525 [main] DEBUG ru.greg3d.browsers.TracingWebDriver - [[[RemoteWebDriver: chrome on ANDROID (93de71cfdb46b63812385dd55b7150d5)] -> id: username]].sendKeys(...) = null
14526 [main] DEBUG ru.greg3d.browsers.TracingWebDriver - findElement(By.className: required)
14750 [main] DEBUG ru.greg3d.browsers.TracingWebDriver - findElement(...) = [[RemoteWebDriver: chrome on ANDROID (93de71cfdb46b63812385dd55b7150d5)] -> class name: required]
14750 [main] DEBUG ru.greg3d.browsers.TracingWebDriver - [[[RemoteWebDriver: chrome on ANDROID (93de71cfdb46b63812385dd55b7150d5)] -> class name: required]].sendKeys([admin])
15251 [main] DEBUG ru.greg3d.browsers.TracingWebDriver - [[[RemoteWebDriver: chrome on ANDROID (93de71cfdb46b63812385dd55b7150d5)] -> class name: required]].sendKeys(...) = null
15252 [main] DEBUG ru.greg3d.browsers.TracingWebDriver - findElement(By.name: submit)
15435 [main] DEBUG ru.greg3d.browsers.TracingWebDriver - findElement(...) = [[RemoteWebDriver: chrome on ANDROID (93de71cfdb46b63812385dd55b7150d5)] -> name: submit]
15435 [main] DEBUG ru.greg3d.browsers.TracingWebDriver - [[[RemoteWebDriver: chrome on ANDROID (93de71cfdb46b63812385dd55b7150d5)] -> name: submit]].click()
15724 [main] DEBUG ru.greg3d.browsers.TracingWebDriver - [[[RemoteWebDriver: chrome on ANDROID (93de71cfdb46b63812385dd55b7150d5)] -> name: submit]].click(...) = null
15724 [main] INFO  ru.greg3d.TestBase - <<< @Test [DoLogin] delay: 0 ms
15729 [main] INFO  ru.greg3d.TestBase - >>> @Test doGotoHome
15729 [main] DEBUG ru.greg3d.browsers.TracingWebDriver - getCurrentUrl()
15885 [main] DEBUG ru.greg3d.browsers.TracingWebDriver - getCurrentUrl(...) = http://192.168.1.84/php4dvd/
15886 [main] DEBUG ru.greg3d.browsers.TracingWebDriver - findElement(By.xpath: //a[contains(text(),'Home')])
16114 [main] DEBUG ru.greg3d.browsers.TracingWebDriver - findElement(...)
16115 [main] INFO  ru.greg3d.TestBase - <<< @Test [doGotoHome] delay: 0 ms
16125 [main] INFO  ru.greg3d.TestBase - >>> @Test addNotAllNecessaryFieldsRecord
16125 [main] INFO  ru.greg3d.TestBase - <<< @Test [addNotAllNecessaryFieldsRecord] delay: 1 ms
16126 [main] INFO  ru.greg3d.TestBase - >>> @Test addNotAllNecessaryFieldsRecord
16127 [main] INFO  ru.greg3d.TestBase - <<< @Test [addNotAllNecessaryFieldsRecord] delay: 0 ms
16128 [main] INFO  ru.greg3d.TestBase - >>> @Test addValidRecord
16128 [main] INFO  ru.greg3d.TestBase - <<< @Test [addValidRecord] delay: 0 ms
16130 [main] INFO  ru.greg3d.TestBase - >>> @Test tearDown
16130 [main] DEBUG ru.greg3d.browsers.TracingWebDriver - quit()
17338 [main] DEBUG ru.greg3d.browsers.TracingWebDriver - quit(...) = null
17339 [main] INFO  ru.greg3d.TestBase - <<< @Test [tearDown] delay: 0 ms
401  [main] INFO  ru.greg3d.TestBase - >>> @Test SuiteSetup
10492 [main] INFO  ru.greg3d.browsers.TracingWebDriver - Init tracer for Build info: version: '2.51.0', revision: '1af067dbcaedd7d2ab9af5151fc471d363d97193', time: '2016-02-05 11:20:57', driver org.openqa.selenium.remote.RemoteWebDriver
10544 [main] DEBUG ru.greg3d.browsers.TracingWebDriver - get(http://192.168.1.84/php4dvd/)
12345 [main] DEBUG ru.greg3d.browsers.TracingWebDriver - get(...) = null
12346 [main] INFO  ru.greg3d.TestBase - <<< @Test [SuiteSetup] delay: 0 ms
12356 [main] INFO  ru.greg3d.TestBase - >>> @Test DoLogin
12357 [main] DEBUG ru.greg3d.browsers.TracingWebDriver - get(http://192.168.1.84/php4dvd/)
13125 [main] DEBUG ru.greg3d.browsers.TracingWebDriver - get(...) = null
13126 [main] DEBUG ru.greg3d.browsers.TracingWebDriver - findElement(By.id: username)
13288 [main] DEBUG ru.greg3d.browsers.TracingWebDriver - findElement(...) = [[RemoteWebDriver: chrome on ANDROID (2d8a3383f0af4824625a62747ff96a5e)] -> id: username]
13303 [main] DEBUG ru.greg3d.browsers.TracingWebDriver - [[[RemoteWebDriver: chrome on ANDROID (2d8a3383f0af4824625a62747ff96a5e)] -> id: username]].click()
13574 [main] DEBUG ru.greg3d.browsers.TracingWebDriver - [[[RemoteWebDriver: chrome on ANDROID (2d8a3383f0af4824625a62747ff96a5e)] -> id: username]].click(...) = null
13574 [main] DEBUG ru.greg3d.browsers.TracingWebDriver - [[[RemoteWebDriver: chrome on ANDROID (2d8a3383f0af4824625a62747ff96a5e)] -> id: username]].sendKeys([admin])
13928 [main] DEBUG ru.greg3d.browsers.TracingWebDriver - [[[RemoteWebDriver: chrome on ANDROID (2d8a3383f0af4824625a62747ff96a5e)] -> id: username]].sendKeys(...) = null
13928 [main] DEBUG ru.greg3d.browsers.TracingWebDriver - findElement(By.className: required)
14099 [main] DEBUG ru.greg3d.browsers.TracingWebDriver - findElement(...) = [[RemoteWebDriver: chrome on ANDROID (2d8a3383f0af4824625a62747ff96a5e)] -> class name: required]
14099 [main] DEBUG ru.greg3d.browsers.TracingWebDriver - [[[RemoteWebDriver: chrome on ANDROID (2d8a3383f0af4824625a62747ff96a5e)] -> class name: required]].click()
14416 [main] DEBUG ru.greg3d.browsers.TracingWebDriver - [[[RemoteWebDriver: chrome on ANDROID (2d8a3383f0af4824625a62747ff96a5e)] -> class name: required]].click(...) = null
14416 [main] DEBUG ru.greg3d.browsers.TracingWebDriver - [[[RemoteWebDriver: chrome on ANDROID (2d8a3383f0af4824625a62747ff96a5e)] -> class name: required]].sendKeys([admin])
14905 [main] DEBUG ru.greg3d.browsers.TracingWebDriver - [[[RemoteWebDriver: chrome on ANDROID (2d8a3383f0af4824625a62747ff96a5e)] -> class name: required]].sendKeys(...) = null
14906 [main] DEBUG ru.greg3d.browsers.TracingWebDriver - findElement(By.name: submit)
15055 [main] DEBUG ru.greg3d.browsers.TracingWebDriver - findElement(...) = [[RemoteWebDriver: chrome on ANDROID (2d8a3383f0af4824625a62747ff96a5e)] -> name: submit]
15055 [main] DEBUG ru.greg3d.browsers.TracingWebDriver - [[[RemoteWebDriver: chrome on ANDROID (2d8a3383f0af4824625a62747ff96a5e)] -> name: submit]].click()
15338 [main] DEBUG ru.greg3d.browsers.TracingWebDriver - [[[RemoteWebDriver: chrome on ANDROID (2d8a3383f0af4824625a62747ff96a5e)] -> name: submit]].click(...) = null
15338 [main] INFO  ru.greg3d.TestBase - <<< @Test [DoLogin] delay: 0 ms
15343 [main] INFO  ru.greg3d.TestBase - >>> @Test doGotoHome
15343 [main] DEBUG ru.greg3d.browsers.TracingWebDriver - getCurrentUrl()
15557 [main] DEBUG ru.greg3d.browsers.TracingWebDriver - getCurrentUrl(...) = http://192.168.1.84/php4dvd/
15558 [main] DEBUG ru.greg3d.browsers.TracingWebDriver - findElement(By.xpath: //a[contains(text(),'Home')])
15761 [main] DEBUG ru.greg3d.browsers.TracingWebDriver - findElement(...)
15761 [main] INFO  ru.greg3d.TestBase - <<< @Test [doGotoHome] delay: 0 ms
15774 [main] INFO  ru.greg3d.TestBase - >>> @Test addNotAllNecessaryFieldsRecord
15775 [main] INFO  ru.greg3d.TestBase - <<< @Test [addNotAllNecessaryFieldsRecord] delay: 3 ms
15777 [main] INFO  ru.greg3d.TestBase - >>> @Test addNotAllNecessaryFieldsRecord
15778 [main] INFO  ru.greg3d.TestBase - <<< @Test [addNotAllNecessaryFieldsRecord] delay: 1 ms
15785 [main] INFO  ru.greg3d.TestBase - >>> @Test addValidRecord
15785 [main] INFO  ru.greg3d.TestBase - <<< @Test [addValidRecord] delay: 1 ms
15787 [main] INFO  ru.greg3d.TestBase - >>> @Test tearDown
15788 [main] DEBUG ru.greg3d.browsers.TracingWebDriver - quit()
16979 [main] DEBUG ru.greg3d.browsers.TracingWebDriver - quit(...) = null
16979 [main] INFO  ru.greg3d.TestBase - <<< @Test [tearDown] delay: 0 ms
443  [main] INFO  ru.greg3d.TestBase - >>> @Test SuiteSetup
9385 [main] INFO  ru.greg3d.browsers.TracingWebDriver - Init tracer for Build info: version: '2.51.0', revision: '1af067dbcaedd7d2ab9af5151fc471d363d97193', time: '2016-02-05 11:20:57', driver org.openqa.selenium.remote.RemoteWebDriver
9443 [main] DEBUG ru.greg3d.browsers.TracingWebDriver - get(http://192.168.1.84/php4dvd/)
9885 [main] DEBUG ru.greg3d.browsers.TracingWebDriver - get(...) = null
9885 [main] INFO  ru.greg3d.TestBase - <<< @Test [SuiteSetup] delay: 0 ms
9890 [main] INFO  ru.greg3d.TestBase - >>> @Test DoLogin
9890 [main] DEBUG ru.greg3d.browsers.TracingWebDriver - get(http://192.168.1.84/php4dvd/)
10192 [main] DEBUG ru.greg3d.browsers.TracingWebDriver - get(...) = null
10195 [main] DEBUG ru.greg3d.browsers.TracingWebDriver - findElement(By.id: username)
10322 [main] DEBUG ru.greg3d.browsers.TracingWebDriver - findElement(...)
10323 [main] INFO  ru.greg3d.TestBase - <<< @Test [DoLogin] delay: 0 ms
10344 [main] INFO  ru.greg3d.TestBase - >>> @Test addNotAllNecessaryFieldsRecord
10344 [main] INFO  ru.greg3d.TestBase - <<< @Test [addNotAllNecessaryFieldsRecord] delay: 1 ms
10347 [main] INFO  ru.greg3d.TestBase - >>> @Test addNotAllNecessaryFieldsRecord
10347 [main] INFO  ru.greg3d.TestBase - <<< @Test [addNotAllNecessaryFieldsRecord] delay: 1 ms
10354 [main] INFO  ru.greg3d.TestBase - >>> @Test addValidRecord
10355 [main] INFO  ru.greg3d.TestBase - <<< @Test [addValidRecord] delay: 1 ms
10357 [main] INFO  ru.greg3d.TestBase - >>> @Test tearDown
10357 [main] DEBUG ru.greg3d.browsers.TracingWebDriver - quit()
11493 [main] DEBUG ru.greg3d.browsers.TracingWebDriver - quit(...) = null
11493 [main] INFO  ru.greg3d.TestBase - <<< @Test [tearDown] delay: 0 ms
414  [main] INFO  ru.greg3d.TestBase - >>> @Test SuiteSetup
8923 [main] INFO  ru.greg3d.browsers.TracingWebDriver - Init tracer for Build info: version: '2.51.0', revision: '1af067dbcaedd7d2ab9af5151fc471d363d97193', time: '2016-02-05 11:20:57', driver org.openqa.selenium.remote.RemoteWebDriver
8975 [main] DEBUG ru.greg3d.browsers.TracingWebDriver - get(http://192.168.1.84/php4dvd/)
11084 [main] DEBUG ru.greg3d.browsers.TracingWebDriver - get(...) = null
11084 [main] INFO  ru.greg3d.TestBase - <<< @Test [SuiteSetup] delay: 0 ms
11091 [main] INFO  ru.greg3d.TestBase - >>> @Test DoLogin
11091 [main] DEBUG ru.greg3d.browsers.TracingWebDriver - get(http://192.168.1.84/php4dvd/)
11733 [main] DEBUG ru.greg3d.browsers.TracingWebDriver - get(...) = null
11734 [main] DEBUG ru.greg3d.browsers.TracingWebDriver - findElement(By.id: username)
11924 [main] DEBUG ru.greg3d.browsers.TracingWebDriver - findElement(...) = [[RemoteWebDriver: chrome on ANDROID (37ec4f9b77f3b0795c043a0596532a73)] -> id: username]
11955 [main] DEBUG ru.greg3d.browsers.TracingWebDriver - [[[RemoteWebDriver: chrome on ANDROID (37ec4f9b77f3b0795c043a0596532a73)] -> id: username]].click()
12327 [main] DEBUG ru.greg3d.browsers.TracingWebDriver - [[[RemoteWebDriver: chrome on ANDROID (37ec4f9b77f3b0795c043a0596532a73)] -> id: username]].click(...) = null
12327 [main] DEBUG ru.greg3d.browsers.TracingWebDriver - [[[RemoteWebDriver: chrome on ANDROID (37ec4f9b77f3b0795c043a0596532a73)] -> id: username]].sendKeys([admin])
12663 [main] DEBUG ru.greg3d.browsers.TracingWebDriver - [[[RemoteWebDriver: chrome on ANDROID (37ec4f9b77f3b0795c043a0596532a73)] -> id: username]].sendKeys(...) = null
12663 [main] DEBUG ru.greg3d.browsers.TracingWebDriver - findElement(By.name: password)
12820 [main] DEBUG ru.greg3d.browsers.TracingWebDriver - findElement(...) = [[RemoteWebDriver: chrome on ANDROID (37ec4f9b77f3b0795c043a0596532a73)] -> name: password]
12820 [main] DEBUG ru.greg3d.browsers.TracingWebDriver - [[[RemoteWebDriver: chrome on ANDROID (37ec4f9b77f3b0795c043a0596532a73)] -> name: password]].click()
13114 [main] DEBUG ru.greg3d.browsers.TracingWebDriver - [[[RemoteWebDriver: chrome on ANDROID (37ec4f9b77f3b0795c043a0596532a73)] -> name: password]].click(...) = null
13114 [main] DEBUG ru.greg3d.browsers.TracingWebDriver - [[[RemoteWebDriver: chrome on ANDROID (37ec4f9b77f3b0795c043a0596532a73)] -> name: password]].sendKeys([admin])
13461 [main] DEBUG ru.greg3d.browsers.TracingWebDriver - [[[RemoteWebDriver: chrome on ANDROID (37ec4f9b77f3b0795c043a0596532a73)] -> name: password]].sendKeys(...) = null
13461 [main] DEBUG ru.greg3d.browsers.TracingWebDriver - findElement(By.name: submit)
13595 [main] DEBUG ru.greg3d.browsers.TracingWebDriver - findElement(...) = [[RemoteWebDriver: chrome on ANDROID (37ec4f9b77f3b0795c043a0596532a73)] -> name: submit]
13596 [main] DEBUG ru.greg3d.browsers.TracingWebDriver - [[[RemoteWebDriver: chrome on ANDROID (37ec4f9b77f3b0795c043a0596532a73)] -> name: submit]].click()
13839 [main] DEBUG ru.greg3d.browsers.TracingWebDriver - [[[RemoteWebDriver: chrome on ANDROID (37ec4f9b77f3b0795c043a0596532a73)] -> name: submit]].click(...) = null
13839 [main] INFO  ru.greg3d.TestBase - <<< @Test [DoLogin] delay: 0 ms
13846 [main] INFO  ru.greg3d.TestBase - >>> @Test doGotoHome
13846 [main] DEBUG ru.greg3d.browsers.TracingWebDriver - getCurrentUrl()
14989 [main] DEBUG ru.greg3d.browsers.TracingWebDriver - getCurrentUrl(...) = http://192.168.1.84/php4dvd/
14990 [main] DEBUG ru.greg3d.browsers.TracingWebDriver - findElement(By.xpath: //a[contains(text(),'Home')])
15262 [main] DEBUG ru.greg3d.browsers.TracingWebDriver - findElement(...) = [[RemoteWebDriver: chrome on ANDROID (37ec4f9b77f3b0795c043a0596532a73)] -> xpath: //a[contains(text(),'Home')]]
15262 [main] DEBUG ru.greg3d.browsers.TracingWebDriver - [[[RemoteWebDriver: chrome on ANDROID (37ec4f9b77f3b0795c043a0596532a73)] -> xpath: //a[contains(text(),'Home')]]].click()
15751 [main] DEBUG ru.greg3d.browsers.TracingWebDriver - [[[RemoteWebDriver: chrome on ANDROID (37ec4f9b77f3b0795c043a0596532a73)] -> xpath: //a[contains(text(),'Home')]]].click(...) = null
15751 [main] INFO  ru.greg3d.TestBase - <<< @Test [doGotoHome] delay: 0 ms
15760 [main] INFO  ru.greg3d.TestBase - >>> @Test addNotAllNecessaryFieldsRecord
15761 [main] DEBUG ru.greg3d.browsers.TracingWebDriver - getCurrentUrl()
16439 [main] DEBUG ru.greg3d.browsers.TracingWebDriver - getCurrentUrl(...) = http://192.168.1.84/php4dvd/
16439 [main] DEBUG ru.greg3d.browsers.TracingWebDriver - findElement(By.cssSelector: img[title='Add movie'])
16660 [main] DEBUG ru.greg3d.browsers.TracingWebDriver - findElement(...) = [[RemoteWebDriver: chrome on ANDROID (37ec4f9b77f3b0795c043a0596532a73)] -> css selector: img[title='Add movie']]
16660 [main] DEBUG ru.greg3d.browsers.TracingWebDriver - [[[RemoteWebDriver: chrome on ANDROID (37ec4f9b77f3b0795c043a0596532a73)] -> css selector: img[title='Add movie']]].click()
16986 [main] DEBUG ru.greg3d.browsers.TracingWebDriver - [[[RemoteWebDriver: chrome on ANDROID (37ec4f9b77f3b0795c043a0596532a73)] -> css selector: img[title='Add movie']]].click(...) = null
16986 [main] DEBUG ru.greg3d.browsers.TracingWebDriver - findElement(By.name: duration)
18012 [main] DEBUG ru.greg3d.browsers.TracingWebDriver - findElement(...) = [[RemoteWebDriver: chrome on ANDROID (37ec4f9b77f3b0795c043a0596532a73)] -> name: duration]
18012 [main] DEBUG ru.greg3d.browsers.TracingWebDriver - [[[RemoteWebDriver: chrome on ANDROID (37ec4f9b77f3b0795c043a0596532a73)] -> name: duration]].getAttribute(value)
18118 [main] DEBUG ru.greg3d.browsers.TracingWebDriver - [[[RemoteWebDriver: chrome on ANDROID (37ec4f9b77f3b0795c043a0596532a73)] -> name: duration]].getAttribute(...) = 
18119 [main] DEBUG ru.greg3d.browsers.TracingWebDriver - findElement(By.name: duration)
18192 [main] DEBUG ru.greg3d.browsers.TracingWebDriver - findElement(...) = [[RemoteWebDriver: chrome on ANDROID (37ec4f9b77f3b0795c043a0596532a73)] -> name: duration]
18193 [main] DEBUG ru.greg3d.browsers.TracingWebDriver - [[[RemoteWebDriver: chrome on ANDROID (37ec4f9b77f3b0795c043a0596532a73)] -> name: duration]].sendKeys([null])
18455 [main] DEBUG ru.greg3d.browsers.TracingWebDriver - [[[RemoteWebDriver: chrome on ANDROID (37ec4f9b77f3b0795c043a0596532a73)] -> name: duration]].sendKeys(...)
org.openqa.selenium.WebDriverException: unknown error: keys should be a string
  (Session info: chrome=48.0.2564.95)
  (Driver info: chromedriver=2.18.343845 (73dd713ba7fbfb73cbb514e62641d8c96a94682a),platform=Windows NT 6.1 SP1 x86_64) (WARNING: The server did not provide any stacktrace information)
Command duration or timeout: 222 milliseconds
Build info: version: '2.51.0', revision: '1af067dbcaedd7d2ab9af5151fc471d363d97193', time: '2016-02-05 11:20:57'
System info: host: 'WKS-CST-19', ip: '192.168.1.84', os.name: 'Windows 7', os.arch: 'amd64', os.version: '6.1', java.version: '1.8.0_60'
Driver info: org.openqa.selenium.remote.RemoteWebDriver
Capabilities [{applicationCacheEnabled=false, rotatable=false, mobileEmulationEnabled=false, chrome={}, takesHeapSnapshot=true, databaseEnabled=false, handlesAlerts=true, hasTouchScreen=true, version=48.0.2564.95, platform=ANDROID, browserConnectionEnabled=false, nativeEvents=true, acceptSslCerts=true, locationContextEnabled=true, webStorageEnabled=true, browserName=chrome, takesScreenshot=true, javascriptEnabled=true, cssSelectorsEnabled=true}]
Session ID: 37ec4f9b77f3b0795c043a0596532a73
	at sun.reflect.NativeConstructorAccessorImpl.newInstance0(Native Method)
	at sun.reflect.NativeConstructorAccessorImpl.newInstance(NativeConstructorAccessorImpl.java:62)
	at sun.reflect.DelegatingConstructorAccessorImpl.newInstance(DelegatingConstructorAccessorImpl.java:45)
	at java.lang.reflect.Constructor.newInstance(Constructor.java:422)
	at org.openqa.selenium.remote.ErrorHandler.createThrowable(ErrorHandler.java:206)
	at org.openqa.selenium.remote.ErrorHandler.throwIfResponseFailed(ErrorHandler.java:158)
	at org.openqa.selenium.remote.RemoteWebDriver.execute(RemoteWebDriver.java:678)
	at org.openqa.selenium.remote.RemoteWebElement.execute(RemoteWebElement.java:327)
	at org.openqa.selenium.remote.RemoteWebElement.sendKeys(RemoteWebElement.java:122)
	at sun.reflect.NativeMethodAccessorImpl.invoke0(Native Method)
	at sun.reflect.NativeMethodAccessorImpl.invoke(NativeMethodAccessorImpl.java:62)
	at sun.reflect.DelegatingMethodAccessorImpl.invoke(DelegatingMethodAccessorImpl.java:43)
	at java.lang.reflect.Method.invoke(Method.java:497)
	at ru.greg3d.browsers.TracingWebDriver$TracingWebElement$1.invoke(TracingWebDriver.java:320)
	at com.sun.proxy.$Proxy14.sendKeys(Unknown Source)
	at ru.greg3d.browsers.TracingWebDriver$TracingWebElement.sendKeys(TracingWebDriver.java:343)
	at sun.reflect.NativeMethodAccessorImpl.invoke0(Native Method)
	at sun.reflect.NativeMethodAccessorImpl.invoke(NativeMethodAccessorImpl.java:62)
	at sun.reflect.DelegatingMethodAccessorImpl.invoke(DelegatingMethodAccessorImpl.java:43)
	at java.lang.reflect.Method.invoke(Method.java:497)
	at org.openqa.selenium.support.pagefactory.internal.LocatingElementHandler.invoke(LocatingElementHandler.java:51)
	at com.sun.proxy.$Proxy12.sendKeys(Unknown Source)
	at ru.greg3d.pages.AddFilmPage.durationInput(AddFilmPage.java:67)
	at ru.greg3d.applogic.implementations.FilmHelper1.create(FilmHelper1.java:20)
	at ru.greg3d.Lesson3TestAdd.addNotAllNecessaryFieldsRecord(Lesson3TestAdd.java:60)
	at sun.reflect.NativeMethodAccessorImpl.invoke0(Native Method)
	at sun.reflect.NativeMethodAccessorImpl.invoke(NativeMethodAccessorImpl.java:62)
	at sun.reflect.DelegatingMethodAccessorImpl.invoke(DelegatingMethodAccessorImpl.java:43)
	at java.lang.reflect.Method.invoke(Method.java:497)
	at org.testng.internal.MethodInvocationHelper.invokeMethod(MethodInvocationHelper.java:86)
	at org.testng.internal.Invoker.invokeMethod(Invoker.java:643)
	at org.testng.internal.Invoker.invokeTestMethod(Invoker.java:820)
	at org.testng.internal.Invoker.invokeTestMethods(Invoker.java:1128)
	at org.testng.internal.TestMethodWorker.invokeTestMethods(TestMethodWorker.java:129)
	at org.testng.internal.TestMethodWorker.run(TestMethodWorker.java:112)
	at org.testng.TestRunner.privateRun(TestRunner.java:782)
	at org.testng.TestRunner.run(TestRunner.java:632)
	at org.testng.SuiteRunner.runTest(SuiteRunner.java:366)
	at org.testng.SuiteRunner.runSequentially(SuiteRunner.java:361)
	at org.testng.SuiteRunner.privateRun(SuiteRunner.java:319)
	at org.testng.SuiteRunner.run(SuiteRunner.java:268)
	at org.testng.SuiteRunnerWorker.runSuite(SuiteRunnerWorker.java:52)
	at org.testng.SuiteRunnerWorker.run(SuiteRunnerWorker.java:86)
	at org.testng.TestNG.runSuitesSequentially(TestNG.java:1244)
	at org.testng.TestNG.runSuitesLocally(TestNG.java:1169)
	at org.testng.TestNG.run(TestNG.java:1064)
	at org.testng.remote.RemoteTestNG.run(RemoteTestNG.java:113)
	at org.testng.remote.RemoteTestNG.initAndRun(RemoteTestNG.java:206)
	at org.testng.remote.RemoteTestNG.main(RemoteTestNG.java:177)
18456 [main] INFO  ru.greg3d.TestBase - <<< @Test [addNotAllNecessaryFieldsRecord] delay: 2704 ms
18462 [main] INFO  ru.greg3d.TestBase - >>> @Test doGotoHome
18462 [main] DEBUG ru.greg3d.browsers.TracingWebDriver - getCurrentUrl()
18563 [main] DEBUG ru.greg3d.browsers.TracingWebDriver - getCurrentUrl(...) = http://192.168.1.84/php4dvd/?go=add
18563 [main] DEBUG ru.greg3d.browsers.TracingWebDriver - findElement(By.xpath: //a[contains(text(),'Home')])
18713 [main] DEBUG ru.greg3d.browsers.TracingWebDriver - findElement(...) = [[RemoteWebDriver: chrome on ANDROID (37ec4f9b77f3b0795c043a0596532a73)] -> xpath: //a[contains(text(),'Home')]]
18714 [main] DEBUG ru.greg3d.browsers.TracingWebDriver - [[[RemoteWebDriver: chrome on ANDROID (37ec4f9b77f3b0795c043a0596532a73)] -> xpath: //a[contains(text(),'Home')]]].click()
19066 [main] DEBUG ru.greg3d.browsers.TracingWebDriver - [[[RemoteWebDriver: chrome on ANDROID (37ec4f9b77f3b0795c043a0596532a73)] -> xpath: //a[contains(text(),'Home')]]].click(...) = null
19067 [main] INFO  ru.greg3d.TestBase - <<< @Test [doGotoHome] delay: 0 ms
19069 [main] INFO  ru.greg3d.TestBase - >>> @Test addNotAllNecessaryFieldsRecord
19070 [main] DEBUG ru.greg3d.browsers.TracingWebDriver - getCurrentUrl()
19759 [main] DEBUG ru.greg3d.browsers.TracingWebDriver - getCurrentUrl(...) = http://192.168.1.84/php4dvd/?go=add
19760 [main] DEBUG ru.greg3d.browsers.TracingWebDriver - findElement(By.cssSelector: img[title='Add movie'])
20003 [main] DEBUG ru.greg3d.browsers.TracingWebDriver - findElement(...) = [[RemoteWebDriver: chrome on ANDROID (37ec4f9b77f3b0795c043a0596532a73)] -> css selector: img[title='Add movie']]
20003 [main] DEBUG ru.greg3d.browsers.TracingWebDriver - [[[RemoteWebDriver: chrome on ANDROID (37ec4f9b77f3b0795c043a0596532a73)] -> css selector: img[title='Add movie']]].click()
20371 [main] DEBUG ru.greg3d.browsers.TracingWebDriver - [[[RemoteWebDriver: chrome on ANDROID (37ec4f9b77f3b0795c043a0596532a73)] -> css selector: img[title='Add movie']]].click(...) = null
20371 [main] DEBUG ru.greg3d.browsers.TracingWebDriver - findElement(By.name: duration)
21079 [main] DEBUG ru.greg3d.browsers.TracingWebDriver - findElement(...) = [[RemoteWebDriver: chrome on ANDROID (37ec4f9b77f3b0795c043a0596532a73)] -> name: duration]
21080 [main] DEBUG ru.greg3d.browsers.TracingWebDriver - [[[RemoteWebDriver: chrome on ANDROID (37ec4f9b77f3b0795c043a0596532a73)] -> name: duration]].getAttribute(value)
21203 [main] DEBUG ru.greg3d.browsers.TracingWebDriver - [[[RemoteWebDriver: chrome on ANDROID (37ec4f9b77f3b0795c043a0596532a73)] -> name: duration]].getAttribute(...) = 
21203 [main] DEBUG ru.greg3d.browsers.TracingWebDriver - findElement(By.name: duration)
21262 [main] DEBUG ru.greg3d.browsers.TracingWebDriver - findElement(...) = [[RemoteWebDriver: chrome on ANDROID (37ec4f9b77f3b0795c043a0596532a73)] -> name: duration]
21262 [main] DEBUG ru.greg3d.browsers.TracingWebDriver - [[[RemoteWebDriver: chrome on ANDROID (37ec4f9b77f3b0795c043a0596532a73)] -> name: duration]].sendKeys([null])
21575 [main] DEBUG ru.greg3d.browsers.TracingWebDriver - [[[RemoteWebDriver: chrome on ANDROID (37ec4f9b77f3b0795c043a0596532a73)] -> name: duration]].sendKeys(...)
org.openqa.selenium.WebDriverException: unknown error: keys should be a string
  (Session info: chrome=48.0.2564.95)
  (Driver info: chromedriver=2.18.343845 (73dd713ba7fbfb73cbb514e62641d8c96a94682a),platform=Windows NT 6.1 SP1 x86_64) (WARNING: The server did not provide any stacktrace information)
Command duration or timeout: 297 milliseconds
Build info: version: '2.51.0', revision: '1af067dbcaedd7d2ab9af5151fc471d363d97193', time: '2016-02-05 11:20:57'
System info: host: 'WKS-CST-19', ip: '192.168.1.84', os.name: 'Windows 7', os.arch: 'amd64', os.version: '6.1', java.version: '1.8.0_60'
Driver info: org.openqa.selenium.remote.RemoteWebDriver
Capabilities [{applicationCacheEnabled=false, rotatable=false, mobileEmulationEnabled=false, chrome={}, takesHeapSnapshot=true, databaseEnabled=false, handlesAlerts=true, hasTouchScreen=true, version=48.0.2564.95, platform=ANDROID, browserConnectionEnabled=false, nativeEvents=true, acceptSslCerts=true, locationContextEnabled=true, webStorageEnabled=true, browserName=chrome, takesScreenshot=true, javascriptEnabled=true, cssSelectorsEnabled=true}]
Session ID: 37ec4f9b77f3b0795c043a0596532a73
	at sun.reflect.NativeConstructorAccessorImpl.newInstance0(Native Method)
	at sun.reflect.NativeConstructorAccessorImpl.newInstance(NativeConstructorAccessorImpl.java:62)
	at sun.reflect.DelegatingConstructorAccessorImpl.newInstance(DelegatingConstructorAccessorImpl.java:45)
	at java.lang.reflect.Constructor.newInstance(Constructor.java:422)
	at org.openqa.selenium.remote.ErrorHandler.createThrowable(ErrorHandler.java:206)
	at org.openqa.selenium.remote.ErrorHandler.throwIfResponseFailed(ErrorHandler.java:158)
	at org.openqa.selenium.remote.RemoteWebDriver.execute(RemoteWebDriver.java:678)
	at org.openqa.selenium.remote.RemoteWebElement.execute(RemoteWebElement.java:327)
	at org.openqa.selenium.remote.RemoteWebElement.sendKeys(RemoteWebElement.java:122)
	at sun.reflect.NativeMethodAccessorImpl.invoke0(Native Method)
	at sun.reflect.NativeMethodAccessorImpl.invoke(NativeMethodAccessorImpl.java:62)
	at sun.reflect.DelegatingMethodAccessorImpl.invoke(DelegatingMethodAccessorImpl.java:43)
	at java.lang.reflect.Method.invoke(Method.java:497)
	at ru.greg3d.browsers.TracingWebDriver$TracingWebElement$1.invoke(TracingWebDriver.java:320)
	at com.sun.proxy.$Proxy14.sendKeys(Unknown Source)
	at ru.greg3d.browsers.TracingWebDriver$TracingWebElement.sendKeys(TracingWebDriver.java:343)
	at sun.reflect.NativeMethodAccessorImpl.invoke0(Native Method)
	at sun.reflect.NativeMethodAccessorImpl.invoke(NativeMethodAccessorImpl.java:62)
	at sun.reflect.DelegatingMethodAccessorImpl.invoke(DelegatingMethodAccessorImpl.java:43)
	at java.lang.reflect.Method.invoke(Method.java:497)
	at org.openqa.selenium.support.pagefactory.internal.LocatingElementHandler.invoke(LocatingElementHandler.java:51)
	at com.sun.proxy.$Proxy12.sendKeys(Unknown Source)
	at ru.greg3d.pages.AddFilmPage.durationInput(AddFilmPage.java:67)
	at ru.greg3d.applogic.implementations.FilmHelper1.create(FilmHelper1.java:20)
	at ru.greg3d.Lesson3TestAdd.addNotAllNecessaryFieldsRecord(Lesson3TestAdd.java:60)
	at sun.reflect.NativeMethodAccessorImpl.invoke0(Native Method)
	at sun.reflect.NativeMethodAccessorImpl.invoke(NativeMethodAccessorImpl.java:62)
	at sun.reflect.DelegatingMethodAccessorImpl.invoke(DelegatingMethodAccessorImpl.java:43)
	at java.lang.reflect.Method.invoke(Method.java:497)
	at org.testng.internal.MethodInvocationHelper.invokeMethod(MethodInvocationHelper.java:86)
	at org.testng.internal.Invoker.invokeMethod(Invoker.java:643)
	at org.testng.internal.Invoker.invokeTestMethod(Invoker.java:820)
	at org.testng.internal.Invoker.invokeTestMethods(Invoker.java:1128)
	at org.testng.internal.TestMethodWorker.invokeTestMethods(TestMethodWorker.java:129)
	at org.testng.internal.TestMethodWorker.run(TestMethodWorker.java:112)
	at org.testng.TestRunner.privateRun(TestRunner.java:782)
	at org.testng.TestRunner.run(TestRunner.java:632)
	at org.testng.SuiteRunner.runTest(SuiteRunner.java:366)
	at org.testng.SuiteRunner.runSequentially(SuiteRunner.java:361)
	at org.testng.SuiteRunner.privateRun(SuiteRunner.java:319)
	at org.testng.SuiteRunner.run(SuiteRunner.java:268)
	at org.testng.SuiteRunnerWorker.runSuite(SuiteRunnerWorker.java:52)
	at org.testng.SuiteRunnerWorker.run(SuiteRunnerWorker.java:86)
	at org.testng.TestNG.runSuitesSequentially(TestNG.java:1244)
	at org.testng.TestNG.runSuitesLocally(TestNG.java:1169)
	at org.testng.TestNG.run(TestNG.java:1064)
	at org.testng.remote.RemoteTestNG.run(RemoteTestNG.java:113)
	at org.testng.remote.RemoteTestNG.initAndRun(RemoteTestNG.java:206)
	at org.testng.remote.RemoteTestNG.main(RemoteTestNG.java:177)
21580 [main] INFO  ru.greg3d.TestBase - <<< @Test [addNotAllNecessaryFieldsRecord] delay: 2508 ms
21589 [main] INFO  ru.greg3d.TestBase - >>> @Test doGotoHome
21589 [main] DEBUG ru.greg3d.browsers.TracingWebDriver - getCurrentUrl()
21654 [main] DEBUG ru.greg3d.browsers.TracingWebDriver - getCurrentUrl(...) = http://192.168.1.84/php4dvd/?go=add
21654 [main] DEBUG ru.greg3d.browsers.TracingWebDriver - findElement(By.xpath: //a[contains(text(),'Home')])
21727 [main] DEBUG ru.greg3d.browsers.TracingWebDriver - findElement(...) = [[RemoteWebDriver: chrome on ANDROID (37ec4f9b77f3b0795c043a0596532a73)] -> xpath: //a[contains(text(),'Home')]]
21728 [main] DEBUG ru.greg3d.browsers.TracingWebDriver - [[[RemoteWebDriver: chrome on ANDROID (37ec4f9b77f3b0795c043a0596532a73)] -> xpath: //a[contains(text(),'Home')]]].click()
22029 [main] DEBUG ru.greg3d.browsers.TracingWebDriver - [[[RemoteWebDriver: chrome on ANDROID (37ec4f9b77f3b0795c043a0596532a73)] -> xpath: //a[contains(text(),'Home')]]].click(...) = null
22030 [main] INFO  ru.greg3d.TestBase - <<< @Test [doGotoHome] delay: 0 ms
22031 [main] INFO  ru.greg3d.TestBase - >>> @Test addValidRecord
22031 [main] DEBUG ru.greg3d.browsers.TracingWebDriver - findElements(By.xpath: //div[@id='results']/a//div[@class='title'])
22826 [main] DEBUG ru.greg3d.browsers.TracingWebDriver - findElements(...) = []
22827 [main] DEBUG ru.greg3d.browsers.TracingWebDriver - getCurrentUrl()
22992 [main] DEBUG ru.greg3d.browsers.TracingWebDriver - getCurrentUrl(...) = http://192.168.1.84/php4dvd/#!/sort/name%20asc/
22992 [main] DEBUG ru.greg3d.browsers.TracingWebDriver - findElement(By.cssSelector: img[title='Add movie'])
23298 [main] DEBUG ru.greg3d.browsers.TracingWebDriver - findElement(...) = [[RemoteWebDriver: chrome on ANDROID (37ec4f9b77f3b0795c043a0596532a73)] -> css selector: img[title='Add movie']]
23298 [main] DEBUG ru.greg3d.browsers.TracingWebDriver - [[[RemoteWebDriver: chrome on ANDROID (37ec4f9b77f3b0795c043a0596532a73)] -> css selector: img[title='Add movie']]].click()
23535 [main] DEBUG ru.greg3d.browsers.TracingWebDriver - [[[RemoteWebDriver: chrome on ANDROID (37ec4f9b77f3b0795c043a0596532a73)] -> css selector: img[title='Add movie']]].click(...) = null
23535 [main] DEBUG ru.greg3d.browsers.TracingWebDriver - findElement(By.name: duration)
24198 [main] DEBUG ru.greg3d.browsers.TracingWebDriver - findElement(...) = [[RemoteWebDriver: chrome on ANDROID (37ec4f9b77f3b0795c043a0596532a73)] -> name: duration]
24199 [main] DEBUG ru.greg3d.browsers.TracingWebDriver - [[[RemoteWebDriver: chrome on ANDROID (37ec4f9b77f3b0795c043a0596532a73)] -> name: duration]].getAttribute(value)
24323 [main] DEBUG ru.greg3d.browsers.TracingWebDriver - [[[RemoteWebDriver: chrome on ANDROID (37ec4f9b77f3b0795c043a0596532a73)] -> name: duration]].getAttribute(...) = 
24323 [main] DEBUG ru.greg3d.browsers.TracingWebDriver - findElement(By.name: duration)
24389 [main] DEBUG ru.greg3d.browsers.TracingWebDriver - findElement(...) = [[RemoteWebDriver: chrome on ANDROID (37ec4f9b77f3b0795c043a0596532a73)] -> name: duration]
24389 [main] DEBUG ru.greg3d.browsers.TracingWebDriver - [[[RemoteWebDriver: chrome on ANDROID (37ec4f9b77f3b0795c043a0596532a73)] -> name: duration]].sendKeys([79])
24747 [main] DEBUG ru.greg3d.browsers.TracingWebDriver - [[[RemoteWebDriver: chrome on ANDROID (37ec4f9b77f3b0795c043a0596532a73)] -> name: duration]].sendKeys(...) = null
24747 [main] DEBUG ru.greg3d.browsers.TracingWebDriver - findElement(By.name: rating)
24945 [main] DEBUG ru.greg3d.browsers.TracingWebDriver - findElement(...) = [[RemoteWebDriver: chrome on ANDROID (37ec4f9b77f3b0795c043a0596532a73)] -> name: rating]
24946 [main] DEBUG ru.greg3d.browsers.TracingWebDriver - [[[RemoteWebDriver: chrome on ANDROID (37ec4f9b77f3b0795c043a0596532a73)] -> name: rating]].getAttribute(value)
25085 [main] DEBUG ru.greg3d.browsers.TracingWebDriver - [[[RemoteWebDriver: chrome on ANDROID (37ec4f9b77f3b0795c043a0596532a73)] -> name: rating]].getAttribute(...) = 
25086 [main] DEBUG ru.greg3d.browsers.TracingWebDriver - findElement(By.name: rating)
25221 [main] DEBUG ru.greg3d.browsers.TracingWebDriver - findElement(...) = [[RemoteWebDriver: chrome on ANDROID (37ec4f9b77f3b0795c043a0596532a73)] -> name: rating]
25221 [main] DEBUG ru.greg3d.browsers.TracingWebDriver - [[[RemoteWebDriver: chrome on ANDROID (37ec4f9b77f3b0795c043a0596532a73)] -> name: rating]].sendKeys([5])
25574 [main] DEBUG ru.greg3d.browsers.TracingWebDriver - [[[RemoteWebDriver: chrome on ANDROID (37ec4f9b77f3b0795c043a0596532a73)] -> name: rating]].sendKeys(...) = null
25574 [main] DEBUG ru.greg3d.browsers.TracingWebDriver - findElement(By.name: name)
25803 [main] DEBUG ru.greg3d.browsers.TracingWebDriver - findElement(...) = [[RemoteWebDriver: chrome on ANDROID (37ec4f9b77f3b0795c043a0596532a73)] -> name: name]
25803 [main] DEBUG ru.greg3d.browsers.TracingWebDriver - [[[RemoteWebDriver: chrome on ANDROID (37ec4f9b77f3b0795c043a0596532a73)] -> name: name]].getAttribute(value)
25934 [main] DEBUG ru.greg3d.browsers.TracingWebDriver - [[[RemoteWebDriver: chrome on ANDROID (37ec4f9b77f3b0795c043a0596532a73)] -> name: name]].getAttribute(...) = 
25934 [main] DEBUG ru.greg3d.browsers.TracingWebDriver - findElement(By.name: name)
26134 [main] DEBUG ru.greg3d.browsers.TracingWebDriver - findElement(...) = [[RemoteWebDriver: chrome on ANDROID (37ec4f9b77f3b0795c043a0596532a73)] -> name: name]
26135 [main] DEBUG ru.greg3d.browsers.TracingWebDriver - [[[RemoteWebDriver: chrome on ANDROID (37ec4f9b77f3b0795c043a0596532a73)] -> name: name]].sendKeys([new Title_1456499458573])
27153 [main] DEBUG ru.greg3d.browsers.TracingWebDriver - [[[RemoteWebDriver: chrome on ANDROID (37ec4f9b77f3b0795c043a0596532a73)] -> name: name]].sendKeys(...) = null
27154 [main] DEBUG ru.greg3d.browsers.TracingWebDriver - findElement(By.name: year)
27360 [main] DEBUG ru.greg3d.browsers.TracingWebDriver - findElement(...) = [[RemoteWebDriver: chrome on ANDROID (37ec4f9b77f3b0795c043a0596532a73)] -> name: year]
27360 [main] DEBUG ru.greg3d.browsers.TracingWebDriver - [[[RemoteWebDriver: chrome on ANDROID (37ec4f9b77f3b0795c043a0596532a73)] -> name: year]].getAttribute(value)
27464 [main] DEBUG ru.greg3d.browsers.TracingWebDriver - [[[RemoteWebDriver: chrome on ANDROID (37ec4f9b77f3b0795c043a0596532a73)] -> name: year]].getAttribute(...) = 
27465 [main] DEBUG ru.greg3d.browsers.TracingWebDriver - findElement(By.name: year)
27601 [main] DEBUG ru.greg3d.browsers.TracingWebDriver - findElement(...) = [[RemoteWebDriver: chrome on ANDROID (37ec4f9b77f3b0795c043a0596532a73)] -> name: year]
27601 [main] DEBUG ru.greg3d.browsers.TracingWebDriver - [[[RemoteWebDriver: chrome on ANDROID (37ec4f9b77f3b0795c043a0596532a73)] -> name: year]].sendKeys([1976])
28127 [main] DEBUG ru.greg3d.browsers.TracingWebDriver - [[[RemoteWebDriver: chrome on ANDROID (37ec4f9b77f3b0795c043a0596532a73)] -> name: year]].sendKeys(...) = null
28127 [main] DEBUG ru.greg3d.browsers.TracingWebDriver - findElement(By.cssSelector: img[title='Save'])
28308 [main] DEBUG ru.greg3d.browsers.TracingWebDriver - findElement(...) = [[RemoteWebDriver: chrome on ANDROID (37ec4f9b77f3b0795c043a0596532a73)] -> css selector: img[title='Save']]
28308 [main] DEBUG ru.greg3d.browsers.TracingWebDriver - [[[RemoteWebDriver: chrome on ANDROID (37ec4f9b77f3b0795c043a0596532a73)] -> css selector: img[title='Save']]].click()
28596 [main] DEBUG ru.greg3d.browsers.TracingWebDriver - [[[RemoteWebDriver: chrome on ANDROID (37ec4f9b77f3b0795c043a0596532a73)] -> css selector: img[title='Save']]].click(...) = null
28598 [main] DEBUG ru.greg3d.browsers.TracingWebDriver - getCurrentUrl()
28666 [main] DEBUG ru.greg3d.browsers.TracingWebDriver - getCurrentUrl(...) = http://192.168.1.84/php4dvd/?go=add
28666 [main] DEBUG ru.greg3d.browsers.TracingWebDriver - findElement(By.xpath: //a[contains(text(),'Home')])
28732 [main] DEBUG ru.greg3d.browsers.TracingWebDriver - findElement(...) = [[RemoteWebDriver: chrome on ANDROID (37ec4f9b77f3b0795c043a0596532a73)] -> xpath: //a[contains(text(),'Home')]]
28732 [main] DEBUG ru.greg3d.browsers.TracingWebDriver - [[[RemoteWebDriver: chrome on ANDROID (37ec4f9b77f3b0795c043a0596532a73)] -> xpath: //a[contains(text(),'Home')]]].click()
29127 [main] DEBUG ru.greg3d.browsers.TracingWebDriver - [[[RemoteWebDriver: chrome on ANDROID (37ec4f9b77f3b0795c043a0596532a73)] -> xpath: //a[contains(text(),'Home')]]].click(...) = null
29127 [main] DEBUG ru.greg3d.browsers.TracingWebDriver - findElements(By.xpath: //div[@id='results']/a//div[@class='title'])
29196 [main] DEBUG ru.greg3d.browsers.TracingWebDriver - findElements(...)
29196 [main] INFO  ru.greg3d.TestBase - <<< @Test [addValidRecord] delay: 7166 ms
29199 [main] INFO  ru.greg3d.TestBase - >>> @Test tearDown
29199 [main] DEBUG ru.greg3d.browsers.TracingWebDriver - quit()
29730 [main] DEBUG ru.greg3d.browsers.TracingWebDriver - quit(...) = null
29730 [main] INFO  ru.greg3d.TestBase - <<< @Test [tearDown] delay: 0 ms
490  [main] INFO  ru.greg3d.TestBase - >>> @Test SuiteSetup
8500 [main] INFO  ru.greg3d.browsers.TracingWebDriver - Init tracer for Build info: version: '2.51.0', revision: '1af067dbcaedd7d2ab9af5151fc471d363d97193', time: '2016-02-05 11:20:57', driver org.openqa.selenium.remote.RemoteWebDriver
8566 [main] DEBUG ru.greg3d.browsers.TracingWebDriver - get(http://192.168.1.84/php4dvd/)
10064 [main] DEBUG ru.greg3d.browsers.TracingWebDriver - get(...) = null
10064 [main] INFO  ru.greg3d.TestBase - <<< @Test [SuiteSetup] delay: 0 ms
10075 [main] INFO  ru.greg3d.TestBase - >>> @Test DoLogin
10076 [main] DEBUG ru.greg3d.browsers.TracingWebDriver - get(http://192.168.1.84/php4dvd/)
10821 [main] DEBUG ru.greg3d.browsers.TracingWebDriver - get(...) = null
10822 [main] DEBUG ru.greg3d.browsers.TracingWebDriver - findElement(By.id: username)
10991 [main] DEBUG ru.greg3d.browsers.TracingWebDriver - findElement(...) = [[RemoteWebDriver: chrome on ANDROID (faca55038129250347345bc033e5bc3b)] -> id: username]
11030 [main] DEBUG ru.greg3d.browsers.TracingWebDriver - [[[RemoteWebDriver: chrome on ANDROID (faca55038129250347345bc033e5bc3b)] -> id: username]].click()
11333 [main] DEBUG ru.greg3d.browsers.TracingWebDriver - [[[RemoteWebDriver: chrome on ANDROID (faca55038129250347345bc033e5bc3b)] -> id: username]].click(...) = null
11333 [main] DEBUG ru.greg3d.browsers.TracingWebDriver - [[[RemoteWebDriver: chrome on ANDROID (faca55038129250347345bc033e5bc3b)] -> id: username]].sendKeys([admin])
11622 [main] DEBUG ru.greg3d.browsers.TracingWebDriver - [[[RemoteWebDriver: chrome on ANDROID (faca55038129250347345bc033e5bc3b)] -> id: username]].sendKeys(...) = null
11622 [main] DEBUG ru.greg3d.browsers.TracingWebDriver - findElement(By.name: password)
11771 [main] DEBUG ru.greg3d.browsers.TracingWebDriver - findElement(...) = [[RemoteWebDriver: chrome on ANDROID (faca55038129250347345bc033e5bc3b)] -> name: password]
11771 [main] DEBUG ru.greg3d.browsers.TracingWebDriver - [[[RemoteWebDriver: chrome on ANDROID (faca55038129250347345bc033e5bc3b)] -> name: password]].click()
12042 [main] DEBUG ru.greg3d.browsers.TracingWebDriver - [[[RemoteWebDriver: chrome on ANDROID (faca55038129250347345bc033e5bc3b)] -> name: password]].click(...) = null
12042 [main] DEBUG ru.greg3d.browsers.TracingWebDriver - [[[RemoteWebDriver: chrome on ANDROID (faca55038129250347345bc033e5bc3b)] -> name: password]].sendKeys([admin])
12634 [main] DEBUG ru.greg3d.browsers.TracingWebDriver - [[[RemoteWebDriver: chrome on ANDROID (faca55038129250347345bc033e5bc3b)] -> name: password]].sendKeys(...) = null
12634 [main] DEBUG ru.greg3d.browsers.TracingWebDriver - findElement(By.name: submit)
12761 [main] DEBUG ru.greg3d.browsers.TracingWebDriver - findElement(...) = [[RemoteWebDriver: chrome on ANDROID (faca55038129250347345bc033e5bc3b)] -> name: submit]
12761 [main] DEBUG ru.greg3d.browsers.TracingWebDriver - [[[RemoteWebDriver: chrome on ANDROID (faca55038129250347345bc033e5bc3b)] -> name: submit]].click()
12989 [main] DEBUG ru.greg3d.browsers.TracingWebDriver - [[[RemoteWebDriver: chrome on ANDROID (faca55038129250347345bc033e5bc3b)] -> name: submit]].click(...) = null
12989 [main] DEBUG ru.greg3d.browsers.TracingWebDriver - findElements(By.cssSelector: nav)
13926 [main] DEBUG ru.greg3d.browsers.TracingWebDriver - findElements(...) = []
13929 [main] INFO  ru.greg3d.TestBase - <<< @Test [DoLogin] delay: 0 ms
13943 [main] INFO  ru.greg3d.TestBase - >>> @Test addNotAllNecessaryFieldsRecord
13944 [main] INFO  ru.greg3d.TestBase - <<< @Test [addNotAllNecessaryFieldsRecord] delay: 0 ms
13945 [main] INFO  ru.greg3d.TestBase - >>> @Test addNotAllNecessaryFieldsRecord
13946 [main] INFO  ru.greg3d.TestBase - <<< @Test [addNotAllNecessaryFieldsRecord] delay: 0 ms
13947 [main] INFO  ru.greg3d.TestBase - >>> @Test addValidRecord
13947 [main] INFO  ru.greg3d.TestBase - <<< @Test [addValidRecord] delay: 0 ms
13949 [main] INFO  ru.greg3d.TestBase - >>> @Test tearDown
13949 [main] DEBUG ru.greg3d.browsers.TracingWebDriver - quit()
15123 [main] DEBUG ru.greg3d.browsers.TracingWebDriver - quit(...) = null
15123 [main] INFO  ru.greg3d.TestBase - <<< @Test [tearDown] delay: 0 ms
463  [main] INFO  ru.greg3d.TestBase - >>> @Test SuiteSetup
11553 [main] INFO  ru.greg3d.browsers.TracingWebDriver - Init tracer for Build info: version: '2.51.0', revision: '1af067dbcaedd7d2ab9af5151fc471d363d97193', time: '2016-02-05 11:20:57', driver org.openqa.selenium.remote.RemoteWebDriver
11742 [main] DEBUG ru.greg3d.browsers.TracingWebDriver - get(http://192.168.1.84/php4dvd/)
13077 [main] DEBUG ru.greg3d.browsers.TracingWebDriver - get(...) = null
13077 [main] INFO  ru.greg3d.TestBase - <<< @Test [SuiteSetup] delay: 0 ms
13085 [main] INFO  ru.greg3d.TestBase - >>> @Test DoLogin
13086 [main] DEBUG ru.greg3d.browsers.TracingWebDriver - get(http://192.168.1.84/php4dvd/)
13800 [main] DEBUG ru.greg3d.browsers.TracingWebDriver - get(...) = null
13801 [main] DEBUG ru.greg3d.browsers.TracingWebDriver - findElement(By.id: username)
13958 [main] DEBUG ru.greg3d.browsers.TracingWebDriver - findElement(...) = [[RemoteWebDriver: chrome on ANDROID (9a5d9f28ea53c0e892bb1f9f047f8df5)] -> id: username]
13963 [main] DEBUG ru.greg3d.browsers.TracingWebDriver - [[[RemoteWebDriver: chrome on ANDROID (9a5d9f28ea53c0e892bb1f9f047f8df5)] -> id: username]].click()
14274 [main] DEBUG ru.greg3d.browsers.TracingWebDriver - [[[RemoteWebDriver: chrome on ANDROID (9a5d9f28ea53c0e892bb1f9f047f8df5)] -> id: username]].click(...) = null
14274 [main] DEBUG ru.greg3d.browsers.TracingWebDriver - [[[RemoteWebDriver: chrome on ANDROID (9a5d9f28ea53c0e892bb1f9f047f8df5)] -> id: username]].sendKeys([admin])
14681 [main] DEBUG ru.greg3d.browsers.TracingWebDriver - [[[RemoteWebDriver: chrome on ANDROID (9a5d9f28ea53c0e892bb1f9f047f8df5)] -> id: username]].sendKeys(...) = null
14681 [main] DEBUG ru.greg3d.browsers.TracingWebDriver - findElement(By.name: password)
14870 [main] DEBUG ru.greg3d.browsers.TracingWebDriver - findElement(...) = [[RemoteWebDriver: chrome on ANDROID (9a5d9f28ea53c0e892bb1f9f047f8df5)] -> name: password]
14871 [main] DEBUG ru.greg3d.browsers.TracingWebDriver - [[[RemoteWebDriver: chrome on ANDROID (9a5d9f28ea53c0e892bb1f9f047f8df5)] -> name: password]].click()
15196 [main] DEBUG ru.greg3d.browsers.TracingWebDriver - [[[RemoteWebDriver: chrome on ANDROID (9a5d9f28ea53c0e892bb1f9f047f8df5)] -> name: password]].click(...) = null
15196 [main] DEBUG ru.greg3d.browsers.TracingWebDriver - [[[RemoteWebDriver: chrome on ANDROID (9a5d9f28ea53c0e892bb1f9f047f8df5)] -> name: password]].sendKeys([admin])
15724 [main] DEBUG ru.greg3d.browsers.TracingWebDriver - [[[RemoteWebDriver: chrome on ANDROID (9a5d9f28ea53c0e892bb1f9f047f8df5)] -> name: password]].sendKeys(...) = null
15725 [main] DEBUG ru.greg3d.browsers.TracingWebDriver - findElement(By.name: submit)
15890 [main] DEBUG ru.greg3d.browsers.TracingWebDriver - findElement(...) = [[RemoteWebDriver: chrome on ANDROID (9a5d9f28ea53c0e892bb1f9f047f8df5)] -> name: submit]
15890 [main] DEBUG ru.greg3d.browsers.TracingWebDriver - [[[RemoteWebDriver: chrome on ANDROID (9a5d9f28ea53c0e892bb1f9f047f8df5)] -> name: submit]].click()
16173 [main] DEBUG ru.greg3d.browsers.TracingWebDriver - [[[RemoteWebDriver: chrome on ANDROID (9a5d9f28ea53c0e892bb1f9f047f8df5)] -> name: submit]].click(...) = null
16175 [main] DEBUG ru.greg3d.browsers.TracingWebDriver - executeScript(return $.active, ...)
17098 [main] DEBUG ru.greg3d.browsers.TracingWebDriver - executeScript(...) = 0
17099 [main] DEBUG ru.greg3d.browsers.TracingWebDriver - executeScript(return $.active, ...)
17276 [main] DEBUG ru.greg3d.browsers.TracingWebDriver - executeScript(...) = 0
17276 [main] DEBUG ru.greg3d.browsers.TracingWebDriver - findElements(By.cssSelector: nav)
17512 [main] DEBUG ru.greg3d.browsers.TracingWebDriver - findElements(...) = [[[RemoteWebDriver: chrome on ANDROID (9a5d9f28ea53c0e892bb1f9f047f8df5)] -> css selector: nav], [[RemoteWebDriver: chrome on ANDROID (9a5d9f28ea53c0e892bb1f9f047f8df5)] -> css selector: nav]]
17514 [main] INFO  ru.greg3d.TestBase - <<< @Test [DoLogin] delay: 0 ms
17519 [main] INFO  ru.greg3d.TestBase - >>> @Test doGotoHome
17519 [main] DEBUG ru.greg3d.browsers.TracingWebDriver - getCurrentUrl()
17581 [main] DEBUG ru.greg3d.browsers.TracingWebDriver - getCurrentUrl(...) = http://192.168.1.84/php4dvd/#!/sort/name%20asc/
17582 [main] INFO  ru.greg3d.TestBase - <<< @Test [doGotoHome] delay: 0 ms
17586 [main] INFO  ru.greg3d.TestBase - >>> @Test addNotAllNecessaryFieldsRecord
17586 [main] DEBUG ru.greg3d.browsers.TracingWebDriver - getCurrentUrl()
17625 [main] DEBUG ru.greg3d.browsers.TracingWebDriver - getCurrentUrl(...) = http://192.168.1.84/php4dvd/#!/sort/name%20asc/
17626 [main] DEBUG ru.greg3d.browsers.TracingWebDriver - findElement(By.cssSelector: img[title='Add movie'])
17741 [main] DEBUG ru.greg3d.browsers.TracingWebDriver - findElement(...) = [[RemoteWebDriver: chrome on ANDROID (9a5d9f28ea53c0e892bb1f9f047f8df5)] -> css selector: img[title='Add movie']]
17741 [main] DEBUG ru.greg3d.browsers.TracingWebDriver - [[[RemoteWebDriver: chrome on ANDROID (9a5d9f28ea53c0e892bb1f9f047f8df5)] -> css selector: img[title='Add movie']]].click()
18000 [main] DEBUG ru.greg3d.browsers.TracingWebDriver - [[[RemoteWebDriver: chrome on ANDROID (9a5d9f28ea53c0e892bb1f9f047f8df5)] -> css selector: img[title='Add movie']]].click(...) = null
18000 [main] DEBUG ru.greg3d.browsers.TracingWebDriver - findElement(By.name: duration)
18825 [main] DEBUG ru.greg3d.browsers.TracingWebDriver - findElement(...) = [[RemoteWebDriver: chrome on ANDROID (9a5d9f28ea53c0e892bb1f9f047f8df5)] -> name: duration]
18825 [main] DEBUG ru.greg3d.browsers.TracingWebDriver - [[[RemoteWebDriver: chrome on ANDROID (9a5d9f28ea53c0e892bb1f9f047f8df5)] -> name: duration]].getAttribute(value)
18951 [main] DEBUG ru.greg3d.browsers.TracingWebDriver - [[[RemoteWebDriver: chrome on ANDROID (9a5d9f28ea53c0e892bb1f9f047f8df5)] -> name: duration]].getAttribute(...) = 
18951 [main] DEBUG ru.greg3d.browsers.TracingWebDriver - findElement(By.name: duration)
19029 [main] DEBUG ru.greg3d.browsers.TracingWebDriver - findElement(...) = [[RemoteWebDriver: chrome on ANDROID (9a5d9f28ea53c0e892bb1f9f047f8df5)] -> name: duration]
19029 [main] DEBUG ru.greg3d.browsers.TracingWebDriver - [[[RemoteWebDriver: chrome on ANDROID (9a5d9f28ea53c0e892bb1f9f047f8df5)] -> name: duration]].sendKeys([null])
19354 [main] DEBUG ru.greg3d.browsers.TracingWebDriver - [[[RemoteWebDriver: chrome on ANDROID (9a5d9f28ea53c0e892bb1f9f047f8df5)] -> name: duration]].sendKeys(...)
org.openqa.selenium.WebDriverException: unknown error: keys should be a string
  (Session info: chrome=48.0.2564.95)
  (Driver info: chromedriver=2.18.343845 (73dd713ba7fbfb73cbb514e62641d8c96a94682a),platform=Windows NT 6.1 SP1 x86_64) (WARNING: The server did not provide any stacktrace information)
Command duration or timeout: 294 milliseconds
Build info: version: '2.51.0', revision: '1af067dbcaedd7d2ab9af5151fc471d363d97193', time: '2016-02-05 11:20:57'
System info: host: 'WKS-CST-19', ip: '192.168.1.84', os.name: 'Windows 7', os.arch: 'amd64', os.version: '6.1', java.version: '1.8.0_60'
Driver info: org.openqa.selenium.remote.RemoteWebDriver
Capabilities [{applicationCacheEnabled=false, rotatable=false, mobileEmulationEnabled=false, chrome={}, takesHeapSnapshot=true, databaseEnabled=false, handlesAlerts=true, hasTouchScreen=true, version=48.0.2564.95, platform=ANDROID, browserConnectionEnabled=false, nativeEvents=true, acceptSslCerts=true, locationContextEnabled=true, webStorageEnabled=true, browserName=chrome, takesScreenshot=true, javascriptEnabled=true, cssSelectorsEnabled=true}]
Session ID: 9a5d9f28ea53c0e892bb1f9f047f8df5
	at sun.reflect.NativeConstructorAccessorImpl.newInstance0(Native Method)
	at sun.reflect.NativeConstructorAccessorImpl.newInstance(NativeConstructorAccessorImpl.java:62)
	at sun.reflect.DelegatingConstructorAccessorImpl.newInstance(DelegatingConstructorAccessorImpl.java:45)
	at java.lang.reflect.Constructor.newInstance(Constructor.java:422)
	at org.openqa.selenium.remote.ErrorHandler.createThrowable(ErrorHandler.java:206)
	at org.openqa.selenium.remote.ErrorHandler.throwIfResponseFailed(ErrorHandler.java:158)
	at org.openqa.selenium.remote.RemoteWebDriver.execute(RemoteWebDriver.java:678)
	at org.openqa.selenium.remote.RemoteWebElement.execute(RemoteWebElement.java:327)
	at org.openqa.selenium.remote.RemoteWebElement.sendKeys(RemoteWebElement.java:122)
	at sun.reflect.NativeMethodAccessorImpl.invoke0(Native Method)
	at sun.reflect.NativeMethodAccessorImpl.invoke(NativeMethodAccessorImpl.java:62)
	at sun.reflect.DelegatingMethodAccessorImpl.invoke(DelegatingMethodAccessorImpl.java:43)
	at java.lang.reflect.Method.invoke(Method.java:497)
	at ru.greg3d.browsers.TracingWebDriver$TracingWebElement$1.invoke(TracingWebDriver.java:320)
	at com.sun.proxy.$Proxy14.sendKeys(Unknown Source)
	at ru.greg3d.browsers.TracingWebDriver$TracingWebElement.sendKeys(TracingWebDriver.java:343)
	at sun.reflect.NativeMethodAccessorImpl.invoke0(Native Method)
	at sun.reflect.NativeMethodAccessorImpl.invoke(NativeMethodAccessorImpl.java:62)
	at sun.reflect.DelegatingMethodAccessorImpl.invoke(DelegatingMethodAccessorImpl.java:43)
	at java.lang.reflect.Method.invoke(Method.java:497)
	at org.openqa.selenium.support.pagefactory.internal.LocatingElementHandler.invoke(LocatingElementHandler.java:51)
	at com.sun.proxy.$Proxy12.sendKeys(Unknown Source)
	at ru.greg3d.pages.AddFilmPage.durationInput(AddFilmPage.java:67)
	at ru.greg3d.applogic.implementations.FilmHelper1.create(FilmHelper1.java:20)
	at ru.greg3d.Lesson3TestAdd.addNotAllNecessaryFieldsRecord(Lesson3TestAdd.java:60)
	at sun.reflect.NativeMethodAccessorImpl.invoke0(Native Method)
	at sun.reflect.NativeMethodAccessorImpl.invoke(NativeMethodAccessorImpl.java:62)
	at sun.reflect.DelegatingMethodAccessorImpl.invoke(DelegatingMethodAccessorImpl.java:43)
	at java.lang.reflect.Method.invoke(Method.java:497)
	at org.testng.internal.MethodInvocationHelper.invokeMethod(MethodInvocationHelper.java:86)
	at org.testng.internal.Invoker.invokeMethod(Invoker.java:643)
	at org.testng.internal.Invoker.invokeTestMethod(Invoker.java:820)
	at org.testng.internal.Invoker.invokeTestMethods(Invoker.java:1128)
	at org.testng.internal.TestMethodWorker.invokeTestMethods(TestMethodWorker.java:129)
	at org.testng.internal.TestMethodWorker.run(TestMethodWorker.java:112)
	at org.testng.TestRunner.privateRun(TestRunner.java:782)
	at org.testng.TestRunner.run(TestRunner.java:632)
	at org.testng.SuiteRunner.runTest(SuiteRunner.java:366)
	at org.testng.SuiteRunner.runSequentially(SuiteRunner.java:361)
	at org.testng.SuiteRunner.privateRun(SuiteRunner.java:319)
	at org.testng.SuiteRunner.run(SuiteRunner.java:268)
	at org.testng.SuiteRunnerWorker.runSuite(SuiteRunnerWorker.java:52)
	at org.testng.SuiteRunnerWorker.run(SuiteRunnerWorker.java:86)
	at org.testng.TestNG.runSuitesSequentially(TestNG.java:1244)
	at org.testng.TestNG.runSuitesLocally(TestNG.java:1169)
	at org.testng.TestNG.run(TestNG.java:1064)
	at org.testng.remote.RemoteTestNG.run(RemoteTestNG.java:113)
	at org.testng.remote.RemoteTestNG.initAndRun(RemoteTestNG.java:206)
	at org.testng.remote.RemoteTestNG.main(RemoteTestNG.java:177)
19355 [main] INFO  ru.greg3d.TestBase - <<< @Test [addNotAllNecessaryFieldsRecord] delay: 1773 ms
19362 [main] INFO  ru.greg3d.TestBase - >>> @Test doGotoHome
19362 [main] DEBUG ru.greg3d.browsers.TracingWebDriver - getCurrentUrl()
19864 [main] DEBUG ru.greg3d.browsers.TracingWebDriver - getCurrentUrl(...) = http://192.168.1.84/php4dvd/?go=add
19864 [main] DEBUG ru.greg3d.browsers.TracingWebDriver - findElement(By.xpath: //a[contains(text(),'Home')])
20052 [main] DEBUG ru.greg3d.browsers.TracingWebDriver - findElement(...) = [[RemoteWebDriver: chrome on ANDROID (9a5d9f28ea53c0e892bb1f9f047f8df5)] -> xpath: //a[contains(text(),'Home')]]
20052 [main] DEBUG ru.greg3d.browsers.TracingWebDriver - [[[RemoteWebDriver: chrome on ANDROID (9a5d9f28ea53c0e892bb1f9f047f8df5)] -> xpath: //a[contains(text(),'Home')]]].click()
20317 [main] DEBUG ru.greg3d.browsers.TracingWebDriver - [[[RemoteWebDriver: chrome on ANDROID (9a5d9f28ea53c0e892bb1f9f047f8df5)] -> xpath: //a[contains(text(),'Home')]]].click(...) = null
20318 [main] INFO  ru.greg3d.TestBase - <<< @Test [doGotoHome] delay: 0 ms
20318 [main] INFO  ru.greg3d.TestBase - >>> @Test addNotAllNecessaryFieldsRecord
20318 [main] DEBUG ru.greg3d.browsers.TracingWebDriver - getCurrentUrl()
21027 [main] DEBUG ru.greg3d.browsers.TracingWebDriver - getCurrentUrl(...) = http://192.168.1.84/php4dvd/?go=add
21027 [main] DEBUG ru.greg3d.browsers.TracingWebDriver - findElement(By.cssSelector: img[title='Add movie'])
21246 [main] DEBUG ru.greg3d.browsers.TracingWebDriver - findElement(...) = [[RemoteWebDriver: chrome on ANDROID (9a5d9f28ea53c0e892bb1f9f047f8df5)] -> css selector: img[title='Add movie']]
21246 [main] DEBUG ru.greg3d.browsers.TracingWebDriver - [[[RemoteWebDriver: chrome on ANDROID (9a5d9f28ea53c0e892bb1f9f047f8df5)] -> css selector: img[title='Add movie']]].click()
21638 [main] DEBUG ru.greg3d.browsers.TracingWebDriver - [[[RemoteWebDriver: chrome on ANDROID (9a5d9f28ea53c0e892bb1f9f047f8df5)] -> css selector: img[title='Add movie']]].click(...) = null
21638 [main] DEBUG ru.greg3d.browsers.TracingWebDriver - findElement(By.name: duration)
22459 [main] DEBUG ru.greg3d.browsers.TracingWebDriver - findElement(...) = [[RemoteWebDriver: chrome on ANDROID (9a5d9f28ea53c0e892bb1f9f047f8df5)] -> name: duration]
22460 [main] DEBUG ru.greg3d.browsers.TracingWebDriver - [[[RemoteWebDriver: chrome on ANDROID (9a5d9f28ea53c0e892bb1f9f047f8df5)] -> name: duration]].getAttribute(value)
22604 [main] DEBUG ru.greg3d.browsers.TracingWebDriver - [[[RemoteWebDriver: chrome on ANDROID (9a5d9f28ea53c0e892bb1f9f047f8df5)] -> name: duration]].getAttribute(...) = 
22604 [main] DEBUG ru.greg3d.browsers.TracingWebDriver - findElement(By.name: duration)
22676 [main] DEBUG ru.greg3d.browsers.TracingWebDriver - findElement(...) = [[RemoteWebDriver: chrome on ANDROID (9a5d9f28ea53c0e892bb1f9f047f8df5)] -> name: duration]
22677 [main] DEBUG ru.greg3d.browsers.TracingWebDriver - [[[RemoteWebDriver: chrome on ANDROID (9a5d9f28ea53c0e892bb1f9f047f8df5)] -> name: duration]].sendKeys([null])
23013 [main] DEBUG ru.greg3d.browsers.TracingWebDriver - [[[RemoteWebDriver: chrome on ANDROID (9a5d9f28ea53c0e892bb1f9f047f8df5)] -> name: duration]].sendKeys(...)
org.openqa.selenium.WebDriverException: unknown error: keys should be a string
  (Session info: chrome=48.0.2564.95)
  (Driver info: chromedriver=2.18.343845 (73dd713ba7fbfb73cbb514e62641d8c96a94682a),platform=Windows NT 6.1 SP1 x86_64) (WARNING: The server did not provide any stacktrace information)
Command duration or timeout: 299 milliseconds
Build info: version: '2.51.0', revision: '1af067dbcaedd7d2ab9af5151fc471d363d97193', time: '2016-02-05 11:20:57'
System info: host: 'WKS-CST-19', ip: '192.168.1.84', os.name: 'Windows 7', os.arch: 'amd64', os.version: '6.1', java.version: '1.8.0_60'
Driver info: org.openqa.selenium.remote.RemoteWebDriver
Capabilities [{applicationCacheEnabled=false, rotatable=false, mobileEmulationEnabled=false, chrome={}, takesHeapSnapshot=true, databaseEnabled=false, handlesAlerts=true, hasTouchScreen=true, version=48.0.2564.95, platform=ANDROID, browserConnectionEnabled=false, nativeEvents=true, acceptSslCerts=true, locationContextEnabled=true, webStorageEnabled=true, browserName=chrome, takesScreenshot=true, javascriptEnabled=true, cssSelectorsEnabled=true}]
Session ID: 9a5d9f28ea53c0e892bb1f9f047f8df5
	at sun.reflect.NativeConstructorAccessorImpl.newInstance0(Native Method)
	at sun.reflect.NativeConstructorAccessorImpl.newInstance(NativeConstructorAccessorImpl.java:62)
	at sun.reflect.DelegatingConstructorAccessorImpl.newInstance(DelegatingConstructorAccessorImpl.java:45)
	at java.lang.reflect.Constructor.newInstance(Constructor.java:422)
	at org.openqa.selenium.remote.ErrorHandler.createThrowable(ErrorHandler.java:206)
	at org.openqa.selenium.remote.ErrorHandler.throwIfResponseFailed(ErrorHandler.java:158)
	at org.openqa.selenium.remote.RemoteWebDriver.execute(RemoteWebDriver.java:678)
	at org.openqa.selenium.remote.RemoteWebElement.execute(RemoteWebElement.java:327)
	at org.openqa.selenium.remote.RemoteWebElement.sendKeys(RemoteWebElement.java:122)
	at sun.reflect.NativeMethodAccessorImpl.invoke0(Native Method)
	at sun.reflect.NativeMethodAccessorImpl.invoke(NativeMethodAccessorImpl.java:62)
	at sun.reflect.DelegatingMethodAccessorImpl.invoke(DelegatingMethodAccessorImpl.java:43)
	at java.lang.reflect.Method.invoke(Method.java:497)
	at ru.greg3d.browsers.TracingWebDriver$TracingWebElement$1.invoke(TracingWebDriver.java:320)
	at com.sun.proxy.$Proxy14.sendKeys(Unknown Source)
	at ru.greg3d.browsers.TracingWebDriver$TracingWebElement.sendKeys(TracingWebDriver.java:343)
	at sun.reflect.NativeMethodAccessorImpl.invoke0(Native Method)
	at sun.reflect.NativeMethodAccessorImpl.invoke(NativeMethodAccessorImpl.java:62)
	at sun.reflect.DelegatingMethodAccessorImpl.invoke(DelegatingMethodAccessorImpl.java:43)
	at java.lang.reflect.Method.invoke(Method.java:497)
	at org.openqa.selenium.support.pagefactory.internal.LocatingElementHandler.invoke(LocatingElementHandler.java:51)
	at com.sun.proxy.$Proxy12.sendKeys(Unknown Source)
	at ru.greg3d.pages.AddFilmPage.durationInput(AddFilmPage.java:67)
	at ru.greg3d.applogic.implementations.FilmHelper1.create(FilmHelper1.java:20)
	at ru.greg3d.Lesson3TestAdd.addNotAllNecessaryFieldsRecord(Lesson3TestAdd.java:60)
	at sun.reflect.NativeMethodAccessorImpl.invoke0(Native Method)
	at sun.reflect.NativeMethodAccessorImpl.invoke(NativeMethodAccessorImpl.java:62)
	at sun.reflect.DelegatingMethodAccessorImpl.invoke(DelegatingMethodAccessorImpl.java:43)
	at java.lang.reflect.Method.invoke(Method.java:497)
	at org.testng.internal.MethodInvocationHelper.invokeMethod(MethodInvocationHelper.java:86)
	at org.testng.internal.Invoker.invokeMethod(Invoker.java:643)
	at org.testng.internal.Invoker.invokeTestMethod(Invoker.java:820)
	at org.testng.internal.Invoker.invokeTestMethods(Invoker.java:1128)
	at org.testng.internal.TestMethodWorker.invokeTestMethods(TestMethodWorker.java:129)
	at org.testng.internal.TestMethodWorker.run(TestMethodWorker.java:112)
	at org.testng.TestRunner.privateRun(TestRunner.java:782)
	at org.testng.TestRunner.run(TestRunner.java:632)
	at org.testng.SuiteRunner.runTest(SuiteRunner.java:366)
	at org.testng.SuiteRunner.runSequentially(SuiteRunner.java:361)
	at org.testng.SuiteRunner.privateRun(SuiteRunner.java:319)
	at org.testng.SuiteRunner.run(SuiteRunner.java:268)
	at org.testng.SuiteRunnerWorker.runSuite(SuiteRunnerWorker.java:52)
	at org.testng.SuiteRunnerWorker.run(SuiteRunnerWorker.java:86)
	at org.testng.TestNG.runSuitesSequentially(TestNG.java:1244)
	at org.testng.TestNG.runSuitesLocally(TestNG.java:1169)
	at org.testng.TestNG.run(TestNG.java:1064)
	at org.testng.remote.RemoteTestNG.run(RemoteTestNG.java:113)
	at org.testng.remote.RemoteTestNG.initAndRun(RemoteTestNG.java:206)
	at org.testng.remote.RemoteTestNG.main(RemoteTestNG.java:177)
23014 [main] INFO  ru.greg3d.TestBase - <<< @Test [addNotAllNecessaryFieldsRecord] delay: 2696 ms
23020 [main] INFO  ru.greg3d.TestBase - >>> @Test doGotoHome
23020 [main] DEBUG ru.greg3d.browsers.TracingWebDriver - getCurrentUrl()
23071 [main] DEBUG ru.greg3d.browsers.TracingWebDriver - getCurrentUrl(...) = http://192.168.1.84/php4dvd/?go=add
23071 [main] DEBUG ru.greg3d.browsers.TracingWebDriver - findElement(By.xpath: //a[contains(text(),'Home')])
23227 [main] DEBUG ru.greg3d.browsers.TracingWebDriver - findElement(...) = [[RemoteWebDriver: chrome on ANDROID (9a5d9f28ea53c0e892bb1f9f047f8df5)] -> xpath: //a[contains(text(),'Home')]]
23227 [main] DEBUG ru.greg3d.browsers.TracingWebDriver - [[[RemoteWebDriver: chrome on ANDROID (9a5d9f28ea53c0e892bb1f9f047f8df5)] -> xpath: //a[contains(text(),'Home')]]].click()
23484 [main] DEBUG ru.greg3d.browsers.TracingWebDriver - [[[RemoteWebDriver: chrome on ANDROID (9a5d9f28ea53c0e892bb1f9f047f8df5)] -> xpath: //a[contains(text(),'Home')]]].click(...) = null
23484 [main] INFO  ru.greg3d.TestBase - <<< @Test [doGotoHome] delay: 0 ms
23486 [main] INFO  ru.greg3d.TestBase - >>> @Test addValidRecord
23486 [main] DEBUG ru.greg3d.browsers.TracingWebDriver - findElements(By.xpath: //div[@id='results']/a//div[@class='title'])
24263 [main] DEBUG ru.greg3d.browsers.TracingWebDriver - findElements(...) = []
24263 [main] DEBUG ru.greg3d.browsers.TracingWebDriver - getCurrentUrl()
24317 [main] DEBUG ru.greg3d.browsers.TracingWebDriver - getCurrentUrl(...) = http://192.168.1.84/php4dvd/
24318 [main] DEBUG ru.greg3d.browsers.TracingWebDriver - findElement(By.cssSelector: img[title='Add movie'])
24602 [main] DEBUG ru.greg3d.browsers.TracingWebDriver - findElement(...) = [[RemoteWebDriver: chrome on ANDROID (9a5d9f28ea53c0e892bb1f9f047f8df5)] -> css selector: img[title='Add movie']]
24602 [main] DEBUG ru.greg3d.browsers.TracingWebDriver - [[[RemoteWebDriver: chrome on ANDROID (9a5d9f28ea53c0e892bb1f9f047f8df5)] -> css selector: img[title='Add movie']]].click()
24875 [main] DEBUG ru.greg3d.browsers.TracingWebDriver - [[[RemoteWebDriver: chrome on ANDROID (9a5d9f28ea53c0e892bb1f9f047f8df5)] -> css selector: img[title='Add movie']]].click(...) = null
24875 [main] DEBUG ru.greg3d.browsers.TracingWebDriver - findElement(By.name: duration)
25636 [main] DEBUG ru.greg3d.browsers.TracingWebDriver - findElement(...) = [[RemoteWebDriver: chrome on ANDROID (9a5d9f28ea53c0e892bb1f9f047f8df5)] -> name: duration]
25636 [main] DEBUG ru.greg3d.browsers.TracingWebDriver - [[[RemoteWebDriver: chrome on ANDROID (9a5d9f28ea53c0e892bb1f9f047f8df5)] -> name: duration]].getAttribute(value)
25754 [main] DEBUG ru.greg3d.browsers.TracingWebDriver - [[[RemoteWebDriver: chrome on ANDROID (9a5d9f28ea53c0e892bb1f9f047f8df5)] -> name: duration]].getAttribute(...) = 
25754 [main] DEBUG ru.greg3d.browsers.TracingWebDriver - findElement(By.name: duration)
25833 [main] DEBUG ru.greg3d.browsers.TracingWebDriver - findElement(...) = [[RemoteWebDriver: chrome on ANDROID (9a5d9f28ea53c0e892bb1f9f047f8df5)] -> name: duration]
25834 [main] DEBUG ru.greg3d.browsers.TracingWebDriver - [[[RemoteWebDriver: chrome on ANDROID (9a5d9f28ea53c0e892bb1f9f047f8df5)] -> name: duration]].sendKeys([87])
26179 [main] DEBUG ru.greg3d.browsers.TracingWebDriver - [[[RemoteWebDriver: chrome on ANDROID (9a5d9f28ea53c0e892bb1f9f047f8df5)] -> name: duration]].sendKeys(...) = null
26179 [main] DEBUG ru.greg3d.browsers.TracingWebDriver - findElement(By.name: rating)
26341 [main] DEBUG ru.greg3d.browsers.TracingWebDriver - findElement(...) = [[RemoteWebDriver: chrome on ANDROID (9a5d9f28ea53c0e892bb1f9f047f8df5)] -> name: rating]
26341 [main] DEBUG ru.greg3d.browsers.TracingWebDriver - [[[RemoteWebDriver: chrome on ANDROID (9a5d9f28ea53c0e892bb1f9f047f8df5)] -> name: rating]].getAttribute(value)
26440 [main] DEBUG ru.greg3d.browsers.TracingWebDriver - [[[RemoteWebDriver: chrome on ANDROID (9a5d9f28ea53c0e892bb1f9f047f8df5)] -> name: rating]].getAttribute(...) = 
26440 [main] DEBUG ru.greg3d.browsers.TracingWebDriver - findElement(By.name: rating)
26601 [main] DEBUG ru.greg3d.browsers.TracingWebDriver - findElement(...) = [[RemoteWebDriver: chrome on ANDROID (9a5d9f28ea53c0e892bb1f9f047f8df5)] -> name: rating]
26601 [main] DEBUG ru.greg3d.browsers.TracingWebDriver - [[[RemoteWebDriver: chrome on ANDROID (9a5d9f28ea53c0e892bb1f9f047f8df5)] -> name: rating]].sendKeys([4])
27017 [main] DEBUG ru.greg3d.browsers.TracingWebDriver - [[[RemoteWebDriver: chrome on ANDROID (9a5d9f28ea53c0e892bb1f9f047f8df5)] -> name: rating]].sendKeys(...) = null
27017 [main] DEBUG ru.greg3d.browsers.TracingWebDriver - findElement(By.name: name)
27277 [main] DEBUG ru.greg3d.browsers.TracingWebDriver - findElement(...) = [[RemoteWebDriver: chrome on ANDROID (9a5d9f28ea53c0e892bb1f9f047f8df5)] -> name: name]
27278 [main] DEBUG ru.greg3d.browsers.TracingWebDriver - [[[RemoteWebDriver: chrome on ANDROID (9a5d9f28ea53c0e892bb1f9f047f8df5)] -> name: name]].getAttribute(value)
27409 [main] DEBUG ru.greg3d.browsers.TracingWebDriver - [[[RemoteWebDriver: chrome on ANDROID (9a5d9f28ea53c0e892bb1f9f047f8df5)] -> name: name]].getAttribute(...) = 
27409 [main] DEBUG ru.greg3d.browsers.TracingWebDriver - findElement(By.name: name)
27555 [main] DEBUG ru.greg3d.browsers.TracingWebDriver - findElement(...) = [[RemoteWebDriver: chrome on ANDROID (9a5d9f28ea53c0e892bb1f9f047f8df5)] -> name: name]
27555 [main] DEBUG ru.greg3d.browsers.TracingWebDriver - [[[RemoteWebDriver: chrome on ANDROID (9a5d9f28ea53c0e892bb1f9f047f8df5)] -> name: name]].sendKeys([new Title_1456499780681])
28557 [main] DEBUG ru.greg3d.browsers.TracingWebDriver - [[[RemoteWebDriver: chrome on ANDROID (9a5d9f28ea53c0e892bb1f9f047f8df5)] -> name: name]].sendKeys(...) = null
28557 [main] DEBUG ru.greg3d.browsers.TracingWebDriver - findElement(By.name: year)
28810 [main] DEBUG ru.greg3d.browsers.TracingWebDriver - findElement(...) = [[RemoteWebDriver: chrome on ANDROID (9a5d9f28ea53c0e892bb1f9f047f8df5)] -> name: year]
28810 [main] DEBUG ru.greg3d.browsers.TracingWebDriver - [[[RemoteWebDriver: chrome on ANDROID (9a5d9f28ea53c0e892bb1f9f047f8df5)] -> name: year]].getAttribute(value)
28953 [main] DEBUG ru.greg3d.browsers.TracingWebDriver - [[[RemoteWebDriver: chrome on ANDROID (9a5d9f28ea53c0e892bb1f9f047f8df5)] -> name: year]].getAttribute(...) = 
28953 [main] DEBUG ru.greg3d.browsers.TracingWebDriver - findElement(By.name: year)
29091 [main] DEBUG ru.greg3d.browsers.TracingWebDriver - findElement(...) = [[RemoteWebDriver: chrome on ANDROID (9a5d9f28ea53c0e892bb1f9f047f8df5)] -> name: year]
29091 [main] DEBUG ru.greg3d.browsers.TracingWebDriver - [[[RemoteWebDriver: chrome on ANDROID (9a5d9f28ea53c0e892bb1f9f047f8df5)] -> name: year]].sendKeys([1950])
29716 [main] DEBUG ru.greg3d.browsers.TracingWebDriver - [[[RemoteWebDriver: chrome on ANDROID (9a5d9f28ea53c0e892bb1f9f047f8df5)] -> name: year]].sendKeys(...) = null
29716 [main] DEBUG ru.greg3d.browsers.TracingWebDriver - findElement(By.cssSelector: img[title='Save'])
29967 [main] DEBUG ru.greg3d.browsers.TracingWebDriver - findElement(...) = [[RemoteWebDriver: chrome on ANDROID (9a5d9f28ea53c0e892bb1f9f047f8df5)] -> css selector: img[title='Save']]
29967 [main] DEBUG ru.greg3d.browsers.TracingWebDriver - [[[RemoteWebDriver: chrome on ANDROID (9a5d9f28ea53c0e892bb1f9f047f8df5)] -> css selector: img[title='Save']]].click()
30234 [main] DEBUG ru.greg3d.browsers.TracingWebDriver - [[[RemoteWebDriver: chrome on ANDROID (9a5d9f28ea53c0e892bb1f9f047f8df5)] -> css selector: img[title='Save']]].click(...) = null
30234 [main] DEBUG ru.greg3d.browsers.TracingWebDriver - getCurrentUrl()
30333 [main] DEBUG ru.greg3d.browsers.TracingWebDriver - getCurrentUrl(...) = http://192.168.1.84/php4dvd/?go=add
30333 [main] DEBUG ru.greg3d.browsers.TracingWebDriver - findElement(By.xpath: //a[contains(text(),'Home')])
30446 [main] DEBUG ru.greg3d.browsers.TracingWebDriver - findElement(...) = [[RemoteWebDriver: chrome on ANDROID (9a5d9f28ea53c0e892bb1f9f047f8df5)] -> xpath: //a[contains(text(),'Home')]]
30450 [main] DEBUG ru.greg3d.browsers.TracingWebDriver - [[[RemoteWebDriver: chrome on ANDROID (9a5d9f28ea53c0e892bb1f9f047f8df5)] -> xpath: //a[contains(text(),'Home')]]].click()
30721 [main] DEBUG ru.greg3d.browsers.TracingWebDriver - [[[RemoteWebDriver: chrome on ANDROID (9a5d9f28ea53c0e892bb1f9f047f8df5)] -> xpath: //a[contains(text(),'Home')]]].click(...) = null
30721 [main] DEBUG ru.greg3d.browsers.TracingWebDriver - findElements(By.xpath: //div[@id='results']/a//div[@class='title'])
30996 [main] DEBUG ru.greg3d.browsers.TracingWebDriver - findElements(...) = []
30997 [main] INFO  ru.greg3d.TestBase - <<< @Test [addValidRecord] delay: 7513 ms
30999 [main] INFO  ru.greg3d.TestBase - >>> @Test tearDown
30999 [main] DEBUG ru.greg3d.browsers.TracingWebDriver - quit()
31577 [main] DEBUG ru.greg3d.browsers.TracingWebDriver - quit(...) = null
31578 [main] INFO  ru.greg3d.TestBase - <<< @Test [tearDown] delay: 0 ms
