<?xml version="1.0" encoding="UTF-8"?>
<testng-results skipped="0" failed="1" total="6" passed="5">
  <reporter-output>
  </reporter-output>
  <suite name="Tests" duration-ms="20875" started-at="2016-02-21T11:16:12Z" finished-at="2016-02-21T11:16:33Z">
    <groups>
    </groups>
    <test name="TestDeleteSearch" duration-ms="13107" started-at="2016-02-21T11:16:12Z" finished-at="2016-02-21T11:16:25Z">
      <class name="ru.greg3d.Lesson3TestDeleteSearch">
        <test-method status="PASS" signature="SuiteSetup()[pri:0, instance:ru.greg3d.Lesson3TestDeleteSearch@1727f34]" name="SuiteSetup" is-config="true" duration-ms="5245" started-at="2016-02-21T14:16:12Z" finished-at="2016-02-21T14:16:17Z">
          <reporter-output>
          </reporter-output>
        </test-method> <!-- SuiteSetup -->
        <test-method status="PASS" signature="DoLogin()[pri:0, instance:ru.greg3d.Lesson3TestDeleteSearch@1727f34]" name="DoLogin" is-config="true" duration-ms="2267" started-at="2016-02-21T14:16:17Z" finished-at="2016-02-21T14:16:19Z">
          <reporter-output>
          </reporter-output>
        </test-method> <!-- DoLogin -->
        <test-method status="PASS" signature="doGotoHome()[pri:0, instance:ru.greg3d.Lesson3TestDeleteSearch@1727f34]" name="doGotoHome" is-config="true" duration-ms="135" started-at="2016-02-21T14:16:19Z" finished-at="2016-02-21T14:16:20Z">
          <reporter-output>
          </reporter-output>
        </test-method> <!-- doGotoHome -->
        <test-method status="PASS" signature="testDelete()[pri:0, instance:ru.greg3d.Lesson3TestDeleteSearch@1727f34]" name="testDelete" duration-ms="2919" started-at="2016-02-21T14:16:20Z" finished-at="2016-02-21T14:16:22Z">
          <reporter-output>
          </reporter-output>
        </test-method> <!-- testDelete -->
        <test-method status="PASS" signature="doGotoHome()[pri:0, instance:ru.greg3d.Lesson3TestDeleteSearch@1727f34]" name="doGotoHome" is-config="true" duration-ms="191" started-at="2016-02-21T14:16:22Z" finished-at="2016-02-21T14:16:23Z">
          <reporter-output>
          </reporter-output>
        </test-method> <!-- doGotoHome -->
        <test-method status="PASS" signature="testSearchNotValidRecord()[pri:0, instance:ru.greg3d.Lesson3TestDeleteSearch@1727f34]" name="testSearchNotValidRecord" duration-ms="748" started-at="2016-02-21T14:16:23Z" finished-at="2016-02-21T14:16:23Z">
          <reporter-output>
          </reporter-output>
        </test-method> <!-- testSearchNotValidRecord -->
        <test-method status="PASS" signature="doGotoHome()[pri:0, instance:ru.greg3d.Lesson3TestDeleteSearch@1727f34]" name="doGotoHome" is-config="true" duration-ms="888" started-at="2016-02-21T14:16:23Z" finished-at="2016-02-21T14:16:24Z">
          <reporter-output>
          </reporter-output>
        </test-method> <!-- doGotoHome -->
        <test-method status="FAIL" signature="testSearchValidRecord()[pri:0, instance:ru.greg3d.Lesson3TestDeleteSearch@1727f34]" name="testSearchValidRecord" duration-ms="547" started-at="2016-02-21T14:16:24Z" finished-at="2016-02-21T14:16:25Z">
          <exception class="java.lang.AssertionError">
            <message>
              <![CDATA[searched list is empty, searchArg -'new']]>
            </message>
            <full-stacktrace>
              <![CDATA[java.lang.AssertionError: searched list is empty, searchArg -'new'
	at org.testng.Assert.fail(Assert.java:94)
	at org.testng.Assert.assertNotEquals(Assert.java:831)
	at ru.greg3d.Lesson3TestDeleteSearch.testSearchValidRecord(Lesson3TestDeleteSearch.java:56)
	at sun.reflect.NativeMethodAccessorImpl.invoke0(Native Method)
	at sun.reflect.NativeMethodAccessorImpl.invoke(NativeMethodAccessorImpl.java:57)
	at sun.reflect.DelegatingMethodAccessorImpl.invoke(DelegatingMethodAccessorImpl.java:43)
	at java.lang.reflect.Method.invoke(Method.java:606)
	at org.testng.internal.MethodInvocationHelper.invokeMethod(MethodInvocationHelper.java:86)
	at org.testng.internal.Invoker.invokeMethod(Invoker.java:643)
	at org.testng.internal.Invoker.invokeTestMethod(Invoker.java:820)
	at org.testng.internal.Invoker.invokeTestMethods(Invoker.java:1128)
	at org.testng.internal.TestMethodWorker.invokeTestMethods(TestMethodWorker.java:129)
	at org.testng.internal.TestMethodWorker.run(TestMethodWorker.java:112)
	at org.testng.TestRunner.privateRun(TestRunner.java:782)
	at org.testng.TestRunner.run(TestRunner.java:632)
	at org.testng.SuiteRunner.runTest(SuiteRunner.java:366)
	at org.testng.SuiteRunner.access$000(SuiteRunner.java:39)
	at org.testng.SuiteRunner$SuiteWorker.run(SuiteRunner.java:400)
	at org.testng.internal.thread.ThreadUtil$2.call(ThreadUtil.java:64)
	at java.util.concurrent.FutureTask.run(FutureTask.java:262)
	at java.util.concurrent.ThreadPoolExecutor.runWorker(ThreadPoolExecutor.java:1145)
	at java.util.concurrent.ThreadPoolExecutor$Worker.run(ThreadPoolExecutor.java:615)
	at java.lang.Thread.run(Thread.java:745)
]]>
            </full-stacktrace>
          </exception> <!-- java.lang.AssertionError -->
          <reporter-output>
          </reporter-output>
        </test-method> <!-- testSearchValidRecord -->
        <test-method status="PASS" signature="tearDown()[pri:0, instance:ru.greg3d.Lesson3TestDeleteSearch@1727f34]" name="tearDown" is-config="true" duration-ms="119" started-at="2016-02-21T14:16:25Z" finished-at="2016-02-21T14:16:25Z">
          <reporter-output>
          </reporter-output>
        </test-method> <!-- tearDown -->
      </class> <!-- ru.greg3d.Lesson3TestDeleteSearch -->
    </test> <!-- TestDeleteSearch -->
    <test name="TestAdd" duration-ms="20875" started-at="2016-02-21T11:16:12Z" finished-at="2016-02-21T11:16:33Z">
      <class name="ru.greg3d.Lesson3TestAdd">
        <test-method status="PASS" signature="SuiteSetup()[pri:0, instance:ru.greg3d.Lesson3TestAdd@1db6621]" name="SuiteSetup" is-config="true" duration-ms="11934" started-at="2016-02-21T14:16:12Z" finished-at="2016-02-21T14:16:24Z">
          <reporter-output>
          </reporter-output>
        </test-method> <!-- SuiteSetup -->
        <test-method status="PASS" signature="DoLogin()[pri:0, instance:ru.greg3d.Lesson3TestAdd@1db6621]" name="DoLogin" is-config="true" duration-ms="2128" started-at="2016-02-21T14:16:24Z" finished-at="2016-02-21T14:16:26Z">
          <reporter-output>
          </reporter-output>
        </test-method> <!-- DoLogin -->
        <test-method status="PASS" signature="doGotoHome()[pri:0, instance:ru.greg3d.Lesson3TestAdd@1db6621]" name="doGotoHome" is-config="true" duration-ms="65" started-at="2016-02-21T14:16:26Z" finished-at="2016-02-21T14:16:26Z">
          <reporter-output>
          </reporter-output>
        </test-method> <!-- doGotoHome -->
        <test-method status="PASS" signature="addNotAllNecessaryFieldsRecord(ru.st.selenium.model.Film)[pri:0, instance:ru.greg3d.Lesson3TestAdd@1db6621]" name="addNotAllNecessaryFieldsRecord" duration-ms="1351" started-at="2016-02-21T14:16:26Z" data-provider="inValidFieldsFilmsDataProvider" finished-at="2016-02-21T14:16:27Z">
          <params>
            <param index="0">
              <value>
                <![CDATA[ru.st.selenium.model.Film@1781b1a]]>
              </value>
            </param>
          </params>
          <reporter-output>
          </reporter-output>
        </test-method> <!-- addNotAllNecessaryFieldsRecord -->
        <test-method status="PASS" signature="doGotoHome()[pri:0, instance:ru.greg3d.Lesson3TestAdd@1db6621]" name="doGotoHome" is-config="true" duration-ms="512" started-at="2016-02-21T14:16:27Z" finished-at="2016-02-21T14:16:28Z">
          <reporter-output>
          </reporter-output>
        </test-method> <!-- doGotoHome -->
        <test-method status="PASS" signature="addNotAllNecessaryFieldsRecord(ru.st.selenium.model.Film)[pri:0, instance:ru.greg3d.Lesson3TestAdd@1db6621]" name="addNotAllNecessaryFieldsRecord" duration-ms="1847" started-at="2016-02-21T14:16:28Z" data-provider="inValidFieldsFilmsDataProvider" finished-at="2016-02-21T14:16:30Z">
          <params>
            <param index="0">
              <value>
                <![CDATA[ru.st.selenium.model.Film@3b677d]]>
              </value>
            </param>
          </params>
          <reporter-output>
          </reporter-output>
        </test-method> <!-- addNotAllNecessaryFieldsRecord -->
        <test-method status="PASS" signature="doGotoHome()[pri:0, instance:ru.greg3d.Lesson3TestAdd@1db6621]" name="doGotoHome" is-config="true" duration-ms="538" started-at="2016-02-21T14:16:30Z" finished-at="2016-02-21T14:16:30Z">
          <reporter-output>
          </reporter-output>
        </test-method> <!-- doGotoHome -->
        <test-method status="PASS" signature="addValidRecord()[pri:0, instance:ru.greg3d.Lesson3TestAdd@1db6621]" name="addValidRecord" duration-ms="2396" started-at="2016-02-21T14:16:30Z" finished-at="2016-02-21T14:16:33Z">
          <reporter-output>
          </reporter-output>
        </test-method> <!-- addValidRecord -->
        <test-method status="PASS" signature="tearDown()[pri:0, instance:ru.greg3d.Lesson3TestAdd@1db6621]" name="tearDown" is-config="true" duration-ms="87" started-at="2016-02-21T14:16:33Z" finished-at="2016-02-21T14:16:33Z">
          <reporter-output>
          </reporter-output>
        </test-method> <!-- tearDown -->
      </class> <!-- ru.greg3d.Lesson3TestAdd -->
    </test> <!-- TestAdd -->
  </suite> <!-- Tests -->
</testng-results>
